2021-12-14 16:42:39,670 INFO 8556 [egg:logger] init all loggers with options: {"dir":"D:\\practise\\nodeServe\\logs\\nodeserve","encoding":"utf8","env":"local","level":"INFO","consoleLevel":"INFO","disableConsoleAfterReady":false,"outputJSON":false,"buffer":true,"appLogName":"nodeserve-web.log","coreLogName":"egg-web.log","agentLogName":"egg-agent.log","errorLogName":"common-error.log","coreLogger":{"consoleLevel":"WARN"},"allowDebugAtProd":false,"enablePerformanceTimer":false,"type":"application"}
2021-12-14 16:42:39,690 INFO 8556 [egg-multipart] stream mode enable
2021-12-14 16:42:39,785 INFO 8556 [egg-static] starting static serve /public/ -> D:\practise\nodeServe\app\public
2021-12-14 16:42:39,790 INFO 8556 [egg-security] use csrf middleware
2021-12-14 16:42:39,790 INFO 8556 [egg-security] use methodnoallow middleware
2021-12-14 16:42:39,791 INFO 8556 [egg-security] use noopen middleware
2021-12-14 16:42:39,791 INFO 8556 [egg-security] use nosniff middleware
2021-12-14 16:42:39,792 INFO 8556 [egg-security] use xssProtection middleware
2021-12-14 16:42:39,792 INFO 8556 [egg-security] use xframe middleware
2021-12-14 16:42:39,792 INFO 8556 [egg-security] use dta middleware
2021-12-14 16:42:39,792 INFO 8556 [egg-security] compose 7 middlewares into one security middleware
2021-12-14 16:42:39,822 INFO 8556 [egg:core] dump config after load, 13ms
2021-12-14 16:42:39,831 INFO 8556 [egg-watcher:application] watcher start success
2021-12-14 16:42:39,836 INFO 8556 [egg:core] dump config after ready, 4ms
2021-12-14 16:50:32,965 INFO 22320 [egg:logger] init all loggers with options: {"dir":"D:\\practise\\nodeServe\\logs\\nodeserve","encoding":"utf8","env":"local","level":"INFO","consoleLevel":"INFO","disableConsoleAfterReady":false,"outputJSON":false,"buffer":true,"appLogName":"nodeserve-web.log","coreLogName":"egg-web.log","agentLogName":"egg-agent.log","errorLogName":"common-error.log","coreLogger":{"consoleLevel":"WARN"},"allowDebugAtProd":false,"enablePerformanceTimer":false,"type":"application"}
2021-12-14 16:50:32,989 INFO 22320 [egg-multipart] stream mode enable
2021-12-14 16:50:33,102 INFO 22320 [egg-static] starting static serve /public/ -> D:\practise\nodeServe\app\public
2021-12-14 16:50:33,108 INFO 22320 [egg-security] use csrf middleware
2021-12-14 16:50:33,109 INFO 22320 [egg-security] use methodnoallow middleware
2021-12-14 16:50:33,109 INFO 22320 [egg-security] use noopen middleware
2021-12-14 16:50:33,110 INFO 22320 [egg-security] use nosniff middleware
2021-12-14 16:50:33,111 INFO 22320 [egg-security] use xssProtection middleware
2021-12-14 16:50:33,111 INFO 22320 [egg-security] use xframe middleware
2021-12-14 16:50:33,111 INFO 22320 [egg-security] use dta middleware
2021-12-14 16:50:33,111 INFO 22320 [egg-security] compose 7 middlewares into one security middleware
2021-12-14 16:50:33,135 INFO 22320 [egg:core] dump config after load, 4ms
2021-12-14 16:50:33,143 INFO 22320 [egg-watcher:application] watcher start success
2021-12-14 16:50:33,149 INFO 22320 [egg:core] dump config after ready, 4ms
2021-12-14 17:04:30,642 INFO 22000 [egg:logger] init all loggers with options: {"dir":"D:\\practise\\nodeServe\\logs\\nodeserve","encoding":"utf8","env":"local","level":"INFO","consoleLevel":"INFO","disableConsoleAfterReady":false,"outputJSON":false,"buffer":true,"appLogName":"nodeserve-web.log","coreLogName":"egg-web.log","agentLogName":"egg-agent.log","errorLogName":"common-error.log","coreLogger":{"consoleLevel":"WARN"},"allowDebugAtProd":false,"enablePerformanceTimer":false,"type":"application"}
2021-12-14 17:04:30,664 INFO 22000 [egg-multipart] stream mode enable
2021-12-14 17:04:30,773 INFO 22000 [egg-static] starting static serve /public/ -> D:\practise\nodeServe\app\public
2021-12-14 17:04:30,779 INFO 22000 [egg-security] use csrf middleware
2021-12-14 17:04:30,780 INFO 22000 [egg-security] use methodnoallow middleware
2021-12-14 17:04:30,781 INFO 22000 [egg-security] use noopen middleware
2021-12-14 17:04:30,782 INFO 22000 [egg-security] use nosniff middleware
2021-12-14 17:04:30,782 INFO 22000 [egg-security] use xssProtection middleware
2021-12-14 17:04:30,783 INFO 22000 [egg-security] use xframe middleware
2021-12-14 17:04:30,783 INFO 22000 [egg-security] use dta middleware
2021-12-14 17:04:30,783 INFO 22000 [egg-security] compose 7 middlewares into one security middleware
2021-12-14 17:04:30,806 INFO 22000 [egg:core] dump config after load, 3ms
2021-12-14 17:04:30,813 INFO 22000 [egg-watcher:application] watcher start success
2021-12-14 17:04:30,818 INFO 22000 [egg:core] dump config after ready, 4ms
2021-12-14 17:04:51,307 INFO 14928 [egg:logger] init all loggers with options: {"dir":"D:\\practise\\nodeServe\\logs\\nodeserve","encoding":"utf8","env":"local","level":"INFO","consoleLevel":"INFO","disableConsoleAfterReady":false,"outputJSON":false,"buffer":true,"appLogName":"nodeserve-web.log","coreLogName":"egg-web.log","agentLogName":"egg-agent.log","errorLogName":"common-error.log","coreLogger":{"consoleLevel":"WARN"},"allowDebugAtProd":false,"enablePerformanceTimer":false,"type":"application"}
2021-12-14 17:04:51,328 INFO 14928 [egg-multipart] stream mode enable
2021-12-14 17:04:51,436 INFO 14928 [egg-static] starting static serve /public/ -> D:\practise\nodeServe\app\public
2021-12-14 17:04:51,443 INFO 14928 [egg-security] use csrf middleware
2021-12-14 17:04:51,443 INFO 14928 [egg-security] use methodnoallow middleware
2021-12-14 17:04:51,443 INFO 14928 [egg-security] use noopen middleware
2021-12-14 17:04:51,444 INFO 14928 [egg-security] use nosniff middleware
2021-12-14 17:04:51,445 INFO 14928 [egg-security] use xssProtection middleware
2021-12-14 17:04:51,445 INFO 14928 [egg-security] use xframe middleware
2021-12-14 17:04:51,445 INFO 14928 [egg-security] use dta middleware
2021-12-14 17:04:51,446 INFO 14928 [egg-security] compose 7 middlewares into one security middleware
2021-12-14 17:04:51,468 INFO 14928 [egg:core] dump config after load, 3ms
2021-12-14 17:04:51,475 INFO 14928 [egg-watcher:application] watcher start success
2021-12-14 17:04:51,480 INFO 14928 [egg:core] dump config after ready, 4ms
2021-12-14 17:05:12,450 INFO 11844 [egg:logger] init all loggers with options: {"dir":"D:\\practise\\nodeServe\\logs\\nodeserve","encoding":"utf8","env":"local","level":"INFO","consoleLevel":"INFO","disableConsoleAfterReady":false,"outputJSON":false,"buffer":true,"appLogName":"nodeserve-web.log","coreLogName":"egg-web.log","agentLogName":"egg-agent.log","errorLogName":"common-error.log","coreLogger":{"consoleLevel":"WARN"},"allowDebugAtProd":false,"enablePerformanceTimer":false,"type":"application"}
2021-12-14 17:05:12,472 INFO 11844 [egg-multipart] stream mode enable
2021-12-14 17:05:12,580 INFO 11844 [egg-static] starting static serve /public/ -> D:\practise\nodeServe\app\public
2021-12-14 17:05:12,586 INFO 11844 [egg-security] use csrf middleware
2021-12-14 17:05:12,586 INFO 11844 [egg-security] use methodnoallow middleware
2021-12-14 17:05:12,587 INFO 11844 [egg-security] use noopen middleware
2021-12-14 17:05:12,588 INFO 11844 [egg-security] use nosniff middleware
2021-12-14 17:05:12,588 INFO 11844 [egg-security] use xssProtection middleware
2021-12-14 17:05:12,588 INFO 11844 [egg-security] use xframe middleware
2021-12-14 17:05:12,589 INFO 11844 [egg-security] use dta middleware
2021-12-14 17:05:12,589 INFO 11844 [egg-security] compose 7 middlewares into one security middleware
2021-12-14 17:05:12,612 INFO 11844 [egg:core] dump config after load, 4ms
2021-12-14 17:05:12,619 INFO 11844 [egg-watcher:application] watcher start success
2021-12-14 17:05:12,624 INFO 11844 [egg:core] dump config after ready, 4ms
2021-12-14 17:05:27,145 INFO 14656 [egg:logger] init all loggers with options: {"dir":"D:\\practise\\nodeServe\\logs\\nodeserve","encoding":"utf8","env":"local","level":"INFO","consoleLevel":"INFO","disableConsoleAfterReady":false,"outputJSON":false,"buffer":true,"appLogName":"nodeserve-web.log","coreLogName":"egg-web.log","agentLogName":"egg-agent.log","errorLogName":"common-error.log","coreLogger":{"consoleLevel":"WARN"},"allowDebugAtProd":false,"enablePerformanceTimer":false,"type":"application"}
2021-12-14 17:05:27,168 INFO 14656 [egg-multipart] stream mode enable
2021-12-14 17:05:27,277 INFO 14656 [egg-static] starting static serve /public/ -> D:\practise\nodeServe\app\public
2021-12-14 17:05:27,283 INFO 14656 [egg-security] use csrf middleware
2021-12-14 17:05:27,284 INFO 14656 [egg-security] use methodnoallow middleware
2021-12-14 17:05:27,284 INFO 14656 [egg-security] use noopen middleware
2021-12-14 17:05:27,285 INFO 14656 [egg-security] use nosniff middleware
2021-12-14 17:05:27,286 INFO 14656 [egg-security] use xssProtection middleware
2021-12-14 17:05:27,286 INFO 14656 [egg-security] use xframe middleware
2021-12-14 17:05:27,286 INFO 14656 [egg-security] use dta middleware
2021-12-14 17:05:27,286 INFO 14656 [egg-security] compose 7 middlewares into one security middleware
2021-12-14 17:05:27,309 INFO 14656 [egg:core] dump config after load, 3ms
2021-12-14 17:05:27,316 INFO 14656 [egg-watcher:application] watcher start success
2021-12-14 17:05:27,321 INFO 14656 [egg:core] dump config after ready, 4ms
2021-12-14 17:05:28,266 INFO 3360 [egg:logger] init all loggers with options: {"dir":"D:\\practise\\nodeServe\\logs\\nodeserve","encoding":"utf8","env":"local","level":"INFO","consoleLevel":"INFO","disableConsoleAfterReady":false,"outputJSON":false,"buffer":true,"appLogName":"nodeserve-web.log","coreLogName":"egg-web.log","agentLogName":"egg-agent.log","errorLogName":"common-error.log","coreLogger":{"consoleLevel":"WARN"},"allowDebugAtProd":false,"enablePerformanceTimer":false,"type":"application"}
2021-12-14 17:05:28,289 INFO 3360 [egg-multipart] stream mode enable
2021-12-14 17:05:28,401 INFO 3360 [egg-static] starting static serve /public/ -> D:\practise\nodeServe\app\public
2021-12-14 17:05:28,408 INFO 3360 [egg-security] use csrf middleware
2021-12-14 17:05:28,408 INFO 3360 [egg-security] use methodnoallow middleware
2021-12-14 17:05:28,408 INFO 3360 [egg-security] use noopen middleware
2021-12-14 17:05:28,410 INFO 3360 [egg-security] use nosniff middleware
2021-12-14 17:05:28,410 INFO 3360 [egg-security] use xssProtection middleware
2021-12-14 17:05:28,410 INFO 3360 [egg-security] use xframe middleware
2021-12-14 17:05:28,411 INFO 3360 [egg-security] use dta middleware
2021-12-14 17:05:28,411 INFO 3360 [egg-security] compose 7 middlewares into one security middleware
2021-12-14 17:05:28,434 INFO 3360 [egg:core] dump config after load, 3ms
2021-12-14 17:05:28,442 INFO 3360 [egg-watcher:application] watcher start success
2021-12-14 17:05:28,449 INFO 3360 [egg:core] dump config after ready, 6ms
2021-12-14 17:06:11,612 INFO 7024 [egg:logger] init all loggers with options: {"dir":"D:\\practise\\nodeServe\\logs\\nodeserve","encoding":"utf8","env":"local","level":"INFO","consoleLevel":"INFO","disableConsoleAfterReady":false,"outputJSON":false,"buffer":true,"appLogName":"nodeserve-web.log","coreLogName":"egg-web.log","agentLogName":"egg-agent.log","errorLogName":"common-error.log","coreLogger":{"consoleLevel":"WARN"},"allowDebugAtProd":false,"enablePerformanceTimer":false,"type":"application"}
2021-12-14 17:06:11,634 INFO 7024 [egg-multipart] stream mode enable
2021-12-14 17:06:11,740 INFO 7024 [egg-static] starting static serve /public/ -> D:\practise\nodeServe\app\public
2021-12-14 17:06:11,745 INFO 7024 [egg-security] use csrf middleware
2021-12-14 17:06:11,746 INFO 7024 [egg-security] use methodnoallow middleware
2021-12-14 17:06:11,746 INFO 7024 [egg-security] use noopen middleware
2021-12-14 17:06:11,748 INFO 7024 [egg-security] use nosniff middleware
2021-12-14 17:06:11,748 INFO 7024 [egg-security] use xssProtection middleware
2021-12-14 17:06:11,748 INFO 7024 [egg-security] use xframe middleware
2021-12-14 17:06:11,748 INFO 7024 [egg-security] use dta middleware
2021-12-14 17:06:11,749 INFO 7024 [egg-security] compose 7 middlewares into one security middleware
2021-12-14 17:06:11,769 INFO 7024 [egg:core] dump config after load, 3ms
2021-12-14 17:06:11,776 INFO 7024 [egg-watcher:application] watcher start success
2021-12-14 17:06:11,782 INFO 7024 [egg:core] dump config after ready, 3ms
2021-12-14 17:07:15,104 INFO 25564 [egg:logger] init all loggers with options: {"dir":"D:\\practise\\nodeServe\\logs\\nodeserve","encoding":"utf8","env":"local","level":"INFO","consoleLevel":"INFO","disableConsoleAfterReady":false,"outputJSON":false,"buffer":true,"appLogName":"nodeserve-web.log","coreLogName":"egg-web.log","agentLogName":"egg-agent.log","errorLogName":"common-error.log","coreLogger":{"consoleLevel":"WARN"},"allowDebugAtProd":false,"enablePerformanceTimer":false,"type":"application"}
2021-12-14 17:07:15,126 INFO 25564 [egg-multipart] stream mode enable
2021-12-14 17:07:15,238 INFO 25564 [egg-static] starting static serve /public/ -> D:\practise\nodeServe\app\public
2021-12-14 17:07:15,244 INFO 25564 [egg-security] use csrf middleware
2021-12-14 17:07:15,245 INFO 25564 [egg-security] use methodnoallow middleware
2021-12-14 17:07:15,245 INFO 25564 [egg-security] use noopen middleware
2021-12-14 17:07:15,247 INFO 25564 [egg-security] use nosniff middleware
2021-12-14 17:07:15,247 INFO 25564 [egg-security] use xssProtection middleware
2021-12-14 17:07:15,247 INFO 25564 [egg-security] use xframe middleware
2021-12-14 17:07:15,248 INFO 25564 [egg-security] use dta middleware
2021-12-14 17:07:15,248 INFO 25564 [egg-security] compose 7 middlewares into one security middleware
2021-12-14 17:07:15,275 INFO 25564 [egg:core] dump config after load, 4ms
2021-12-14 17:07:15,282 INFO 25564 [egg-watcher:application] watcher start success
2021-12-14 17:07:15,287 INFO 25564 [egg:core] dump config after ready, 3ms
2021-12-14 17:10:45,449 INFO 22072 [egg:logger] init all loggers with options: {"dir":"D:\\practise\\nodeServe\\logs\\nodeserve","encoding":"utf8","env":"local","level":"INFO","consoleLevel":"INFO","disableConsoleAfterReady":false,"outputJSON":false,"buffer":true,"appLogName":"nodeserve-web.log","coreLogName":"egg-web.log","agentLogName":"egg-agent.log","errorLogName":"common-error.log","coreLogger":{"consoleLevel":"WARN"},"allowDebugAtProd":false,"enablePerformanceTimer":false,"type":"application"}
2021-12-14 17:10:45,473 INFO 22072 [egg-multipart] stream mode enable
2021-12-14 17:10:45,583 INFO 22072 [egg-static] starting static serve /public/ -> D:\practise\nodeServe\app\public
2021-12-14 17:10:45,589 INFO 22072 [egg-security] use csrf middleware
2021-12-14 17:10:45,590 INFO 22072 [egg-security] use methodnoallow middleware
2021-12-14 17:10:45,590 INFO 22072 [egg-security] use noopen middleware
2021-12-14 17:10:45,591 INFO 22072 [egg-security] use nosniff middleware
2021-12-14 17:10:45,592 INFO 22072 [egg-security] use xssProtection middleware
2021-12-14 17:10:45,592 INFO 22072 [egg-security] use xframe middleware
2021-12-14 17:10:45,592 INFO 22072 [egg-security] use dta middleware
2021-12-14 17:10:45,592 INFO 22072 [egg-security] compose 7 middlewares into one security middleware
2021-12-14 17:10:45,616 INFO 22072 [egg:core] dump config after load, 4ms
2021-12-14 17:10:45,624 INFO 22072 [egg-watcher:application] watcher start success
2021-12-14 17:10:45,629 INFO 22072 [egg:core] dump config after ready, 4ms
2021-12-14 17:33:42,890 INFO 5812 [egg:logger] init all loggers with options: {"dir":"D:\\practise\\nodeServe\\logs\\nodeserve","encoding":"utf8","env":"local","level":"INFO","consoleLevel":"INFO","disableConsoleAfterReady":false,"outputJSON":false,"buffer":true,"appLogName":"nodeserve-web.log","coreLogName":"egg-web.log","agentLogName":"egg-agent.log","errorLogName":"common-error.log","coreLogger":{"consoleLevel":"WARN"},"allowDebugAtProd":false,"enablePerformanceTimer":false,"type":"application"}
2021-12-14 17:33:42,912 INFO 5812 [egg-multipart] stream mode enable
2021-12-14 17:33:43,019 INFO 5812 [egg-static] starting static serve /public/ -> D:\practise\nodeServe\app\public
2021-12-14 17:33:43,025 INFO 5812 [egg-security] use csrf middleware
2021-12-14 17:33:43,026 INFO 5812 [egg-security] use methodnoallow middleware
2021-12-14 17:33:43,026 INFO 5812 [egg-security] use noopen middleware
2021-12-14 17:33:43,028 INFO 5812 [egg-security] use nosniff middleware
2021-12-14 17:33:43,028 INFO 5812 [egg-security] use xssProtection middleware
2021-12-14 17:33:43,028 INFO 5812 [egg-security] use xframe middleware
2021-12-14 17:33:43,029 INFO 5812 [egg-security] use dta middleware
2021-12-14 17:33:43,029 INFO 5812 [egg-security] compose 7 middlewares into one security middleware
2021-12-14 17:33:43,052 INFO 5812 [egg:core] dump config after load, 3ms
2021-12-14 17:33:43,058 INFO 5812 [egg-watcher:application] watcher start success
2021-12-14 17:33:43,063 INFO 5812 [egg:core] dump config after ready, 3ms
2021-12-14 17:33:43,949 INFO 18472 [egg:logger] init all loggers with options: {"dir":"D:\\practise\\nodeServe\\logs\\nodeserve","encoding":"utf8","env":"local","level":"INFO","consoleLevel":"INFO","disableConsoleAfterReady":false,"outputJSON":false,"buffer":true,"appLogName":"nodeserve-web.log","coreLogName":"egg-web.log","agentLogName":"egg-agent.log","errorLogName":"common-error.log","coreLogger":{"consoleLevel":"WARN"},"allowDebugAtProd":false,"enablePerformanceTimer":false,"type":"application"}
2021-12-14 17:33:43,968 INFO 18472 [egg-multipart] stream mode enable
2021-12-14 17:33:44,073 INFO 18472 [egg-static] starting static serve /public/ -> D:\practise\nodeServe\app\public
2021-12-14 17:33:44,079 INFO 18472 [egg-security] use csrf middleware
2021-12-14 17:33:44,079 INFO 18472 [egg-security] use methodnoallow middleware
2021-12-14 17:33:44,080 INFO 18472 [egg-security] use noopen middleware
2021-12-14 17:33:44,081 INFO 18472 [egg-security] use nosniff middleware
2021-12-14 17:33:44,081 INFO 18472 [egg-security] use xssProtection middleware
2021-12-14 17:33:44,081 INFO 18472 [egg-security] use xframe middleware
2021-12-14 17:33:44,082 INFO 18472 [egg-security] use dta middleware
2021-12-14 17:33:44,082 INFO 18472 [egg-security] compose 7 middlewares into one security middleware
2021-12-14 17:33:44,106 INFO 18472 [egg:core] dump config after load, 4ms
2021-12-14 17:33:44,113 INFO 18472 [egg-watcher:application] watcher start success
2021-12-14 17:33:44,119 INFO 18472 [egg:core] dump config after ready, 4ms
2021-12-14 17:34:09,808 INFO 24088 [egg:logger] init all loggers with options: {"dir":"D:\\practise\\nodeServe\\logs\\nodeserve","encoding":"utf8","env":"local","level":"INFO","consoleLevel":"INFO","disableConsoleAfterReady":false,"outputJSON":false,"buffer":true,"appLogName":"nodeserve-web.log","coreLogName":"egg-web.log","agentLogName":"egg-agent.log","errorLogName":"common-error.log","coreLogger":{"consoleLevel":"WARN"},"allowDebugAtProd":false,"enablePerformanceTimer":false,"type":"application"}
2021-12-14 17:34:09,829 INFO 24088 [egg-multipart] stream mode enable
2021-12-14 17:34:09,927 INFO 24088 [egg-static] starting static serve /public/ -> D:\practise\nodeServe\app\public
2021-12-14 17:34:09,933 INFO 24088 [egg-security] use csrf middleware
2021-12-14 17:34:09,934 INFO 24088 [egg-security] use methodnoallow middleware
2021-12-14 17:34:09,934 INFO 24088 [egg-security] use noopen middleware
2021-12-14 17:34:09,936 INFO 24088 [egg-security] use nosniff middleware
2021-12-14 17:34:09,936 INFO 24088 [egg-security] use xssProtection middleware
2021-12-14 17:34:09,936 INFO 24088 [egg-security] use xframe middleware
2021-12-14 17:34:09,937 INFO 24088 [egg-security] use dta middleware
2021-12-14 17:34:09,937 INFO 24088 [egg-security] compose 7 middlewares into one security middleware
2021-12-14 17:34:09,958 INFO 24088 [egg:core] dump config after load, 3ms
2021-12-14 17:34:09,965 INFO 24088 [egg-watcher:application] watcher start success
2021-12-14 17:34:09,970 INFO 24088 [egg:core] dump config after ready, 4ms
2021-12-14 17:35:05,670 INFO 17256 [egg:logger] init all loggers with options: {"dir":"D:\\practise\\nodeServe\\logs\\nodeserve","encoding":"utf8","env":"local","level":"INFO","consoleLevel":"INFO","disableConsoleAfterReady":false,"outputJSON":false,"buffer":true,"appLogName":"nodeserve-web.log","coreLogName":"egg-web.log","agentLogName":"egg-agent.log","errorLogName":"common-error.log","coreLogger":{"consoleLevel":"WARN"},"allowDebugAtProd":false,"enablePerformanceTimer":false,"type":"application"}
2021-12-14 17:35:05,689 INFO 17256 [egg-multipart] stream mode enable
2021-12-14 17:35:05,793 INFO 17256 [egg-static] starting static serve /public/ -> D:\practise\nodeServe\app\public
2021-12-14 17:35:05,798 INFO 17256 [egg-security] use csrf middleware
2021-12-14 17:35:05,799 INFO 17256 [egg-security] use methodnoallow middleware
2021-12-14 17:35:05,799 INFO 17256 [egg-security] use noopen middleware
2021-12-14 17:35:05,800 INFO 17256 [egg-security] use nosniff middleware
2021-12-14 17:35:05,801 INFO 17256 [egg-security] use xssProtection middleware
2021-12-14 17:35:05,801 INFO 17256 [egg-security] use xframe middleware
2021-12-14 17:35:05,801 INFO 17256 [egg-security] use dta middleware
2021-12-14 17:35:05,801 INFO 17256 [egg-security] compose 7 middlewares into one security middleware
2021-12-14 17:35:05,824 INFO 17256 [egg:core] dump config after load, 3ms
2021-12-14 17:35:05,831 INFO 17256 [egg-watcher:application] watcher start success
2021-12-14 17:35:05,836 INFO 17256 [egg:core] dump config after ready, 3ms
2021-12-14 17:35:29,216 INFO 20956 [egg:logger] init all loggers with options: {"dir":"D:\\practise\\nodeServe\\logs\\nodeserve","encoding":"utf8","env":"local","level":"INFO","consoleLevel":"INFO","disableConsoleAfterReady":false,"outputJSON":false,"buffer":true,"appLogName":"nodeserve-web.log","coreLogName":"egg-web.log","agentLogName":"egg-agent.log","errorLogName":"common-error.log","coreLogger":{"consoleLevel":"WARN"},"allowDebugAtProd":false,"enablePerformanceTimer":false,"type":"application"}
2021-12-14 17:35:29,237 INFO 20956 [egg-multipart] stream mode enable
2021-12-14 17:35:29,341 INFO 20956 [egg-static] starting static serve /public/ -> D:\practise\nodeServe\app\public
2021-12-14 17:35:29,349 INFO 20956 [egg-security] use csrf middleware
2021-12-14 17:35:29,350 INFO 20956 [egg-security] use methodnoallow middleware
2021-12-14 17:35:29,351 INFO 20956 [egg-security] use noopen middleware
2021-12-14 17:35:29,352 INFO 20956 [egg-security] use nosniff middleware
2021-12-14 17:35:29,352 INFO 20956 [egg-security] use xssProtection middleware
2021-12-14 17:35:29,353 INFO 20956 [egg-security] use xframe middleware
2021-12-14 17:35:29,353 INFO 20956 [egg-security] use dta middleware
2021-12-14 17:35:29,353 INFO 20956 [egg-security] compose 7 middlewares into one security middleware
2021-12-14 17:35:29,379 INFO 20956 [egg:core] dump config after load, 3ms
2021-12-14 17:35:29,386 INFO 20956 [egg-watcher:application] watcher start success
2021-12-14 17:35:29,391 INFO 20956 [egg:core] dump config after ready, 4ms
2021-12-14 17:37:30,504 INFO 6528 [egg:logger] init all loggers with options: {"dir":"D:\\practise\\nodeServe\\logs\\nodeserve","encoding":"utf8","env":"local","level":"INFO","consoleLevel":"INFO","disableConsoleAfterReady":false,"outputJSON":false,"buffer":true,"appLogName":"nodeserve-web.log","coreLogName":"egg-web.log","agentLogName":"egg-agent.log","errorLogName":"common-error.log","coreLogger":{"consoleLevel":"WARN"},"allowDebugAtProd":false,"enablePerformanceTimer":false,"type":"application"}
2021-12-14 17:37:30,525 INFO 6528 [egg-multipart] stream mode enable
2021-12-14 17:37:30,629 INFO 6528 [egg-static] starting static serve /public/ -> D:\practise\nodeServe\app\public
2021-12-14 17:37:30,631 INFO 6528 [egg-security] use methodnoallow middleware
2021-12-14 17:37:30,631 INFO 6528 [egg-security] use noopen middleware
2021-12-14 17:37:30,632 INFO 6528 [egg-security] use nosniff middleware
2021-12-14 17:37:30,633 INFO 6528 [egg-security] use xssProtection middleware
2021-12-14 17:37:30,633 INFO 6528 [egg-security] use xframe middleware
2021-12-14 17:37:30,633 INFO 6528 [egg-security] use dta middleware
2021-12-14 17:37:30,633 INFO 6528 [egg-security] compose 6 middlewares into one security middleware
2021-12-14 17:37:30,654 INFO 6528 [egg:core] dump config after load, 3ms
2021-12-14 17:37:30,661 INFO 6528 [egg-watcher:application] watcher start success
2021-12-14 17:37:30,666 INFO 6528 [egg:core] dump config after ready, 4ms
2021-12-14 17:37:54,511 INFO 16848 [egg:logger] init all loggers with options: {"dir":"D:\\practise\\nodeServe\\logs\\nodeserve","encoding":"utf8","env":"local","level":"INFO","consoleLevel":"INFO","disableConsoleAfterReady":false,"outputJSON":false,"buffer":true,"appLogName":"nodeserve-web.log","coreLogName":"egg-web.log","agentLogName":"egg-agent.log","errorLogName":"common-error.log","coreLogger":{"consoleLevel":"WARN"},"allowDebugAtProd":false,"enablePerformanceTimer":false,"type":"application"}
2021-12-14 17:37:54,533 INFO 16848 [egg-multipart] stream mode enable
2021-12-14 17:37:54,639 INFO 16848 [egg-static] starting static serve /public/ -> D:\practise\nodeServe\app\public
2021-12-14 17:37:54,641 INFO 16848 [egg-security] use methodnoallow middleware
2021-12-14 17:37:54,641 INFO 16848 [egg-security] use noopen middleware
2021-12-14 17:37:54,642 INFO 16848 [egg-security] use nosniff middleware
2021-12-14 17:37:54,642 INFO 16848 [egg-security] use xssProtection middleware
2021-12-14 17:37:54,643 INFO 16848 [egg-security] use xframe middleware
2021-12-14 17:37:54,643 INFO 16848 [egg-security] use dta middleware
2021-12-14 17:37:54,643 INFO 16848 [egg-security] compose 6 middlewares into one security middleware
2021-12-14 17:37:54,667 INFO 16848 [egg:core] dump config after load, 3ms
2021-12-14 17:37:54,674 INFO 16848 [egg-watcher:application] watcher start success
2021-12-14 17:37:54,680 INFO 16848 [egg:core] dump config after ready, 4ms
2021-12-14 17:39:01,490 INFO 13592 [egg:logger] init all loggers with options: {"dir":"D:\\practise\\nodeServe\\logs\\nodeserve","encoding":"utf8","env":"local","level":"INFO","consoleLevel":"INFO","disableConsoleAfterReady":false,"outputJSON":false,"buffer":true,"appLogName":"nodeserve-web.log","coreLogName":"egg-web.log","agentLogName":"egg-agent.log","errorLogName":"common-error.log","coreLogger":{"consoleLevel":"WARN"},"allowDebugAtProd":false,"enablePerformanceTimer":false,"type":"application"}
2021-12-14 17:39:01,513 INFO 13592 [egg-multipart] stream mode enable
2021-12-14 17:39:01,617 INFO 13592 [egg-static] starting static serve /public/ -> D:\practise\nodeServe\app\public
2021-12-14 17:39:01,623 INFO 13592 [egg-security] use csrf middleware
2021-12-14 17:39:01,623 INFO 13592 [egg-security] use methodnoallow middleware
2021-12-14 17:39:01,624 INFO 13592 [egg-security] use noopen middleware
2021-12-14 17:39:01,625 INFO 13592 [egg-security] use nosniff middleware
2021-12-14 17:39:01,625 INFO 13592 [egg-security] use xssProtection middleware
2021-12-14 17:39:01,626 INFO 13592 [egg-security] use xframe middleware
2021-12-14 17:39:01,626 INFO 13592 [egg-security] use dta middleware
2021-12-14 17:39:01,626 INFO 13592 [egg-security] compose 7 middlewares into one security middleware
2021-12-14 17:39:01,647 INFO 13592 [egg:core] dump config after load, 3ms
2021-12-14 17:39:01,653 INFO 13592 [egg-watcher:application] watcher start success
2021-12-14 17:39:01,659 INFO 13592 [egg:core] dump config after ready, 4ms
2021-12-14 17:39:10,913 INFO 15280 [egg:logger] init all loggers with options: {"dir":"D:\\practise\\nodeServe\\logs\\nodeserve","encoding":"utf8","env":"local","level":"INFO","consoleLevel":"INFO","disableConsoleAfterReady":false,"outputJSON":false,"buffer":true,"appLogName":"nodeserve-web.log","coreLogName":"egg-web.log","agentLogName":"egg-agent.log","errorLogName":"common-error.log","coreLogger":{"consoleLevel":"WARN"},"allowDebugAtProd":false,"enablePerformanceTimer":false,"type":"application"}
2021-12-14 17:39:10,976 INFO 15280 [egg-multipart] stream mode enable
2021-12-14 17:39:11,099 INFO 15280 [egg-static] starting static serve /public/ -> D:\practise\nodeServe\app\public
2021-12-14 17:39:11,107 INFO 15280 [egg-security] use csrf middleware
2021-12-14 17:39:11,107 INFO 15280 [egg-security] use methodnoallow middleware
2021-12-14 17:39:11,108 INFO 15280 [egg-security] use noopen middleware
2021-12-14 17:39:11,109 INFO 15280 [egg-security] use nosniff middleware
2021-12-14 17:39:11,109 INFO 15280 [egg-security] use xssProtection middleware
2021-12-14 17:39:11,110 INFO 15280 [egg-security] use xframe middleware
2021-12-14 17:39:11,110 INFO 15280 [egg-security] use dta middleware
2021-12-14 17:39:11,110 INFO 15280 [egg-security] compose 7 middlewares into one security middleware
2021-12-14 17:39:11,133 INFO 15280 [egg:core] dump config after load, 4ms
2021-12-14 17:39:11,140 INFO 15280 [egg-watcher:application] watcher start success
2021-12-14 17:39:11,145 INFO 15280 [egg:core] dump config after ready, 4ms
2021-12-14 17:39:19,321 INFO 18252 [egg:logger] init all loggers with options: {"dir":"D:\\practise\\nodeServe\\logs\\nodeserve","encoding":"utf8","env":"local","level":"INFO","consoleLevel":"INFO","disableConsoleAfterReady":false,"outputJSON":false,"buffer":true,"appLogName":"nodeserve-web.log","coreLogName":"egg-web.log","agentLogName":"egg-agent.log","errorLogName":"common-error.log","coreLogger":{"consoleLevel":"WARN"},"allowDebugAtProd":false,"enablePerformanceTimer":false,"type":"application"}
2021-12-14 17:39:19,523 INFO 18252 [egg-multipart] stream mode enable
2021-12-14 17:39:19,764 INFO 18252 [egg-static] starting static serve /public/ -> D:\practise\nodeServe\app\public
2021-12-14 17:39:19,772 INFO 18252 [egg-security] use csrf middleware
2021-12-14 17:39:19,773 INFO 18252 [egg-security] use methodnoallow middleware
2021-12-14 17:39:19,774 INFO 18252 [egg-security] use noopen middleware
2021-12-14 17:39:19,776 INFO 18252 [egg-security] use nosniff middleware
2021-12-14 17:39:19,776 INFO 18252 [egg-security] use xssProtection middleware
2021-12-14 17:39:19,777 INFO 18252 [egg-security] use xframe middleware
2021-12-14 17:39:19,777 INFO 18252 [egg-security] use dta middleware
2021-12-14 17:39:19,777 INFO 18252 [egg-security] compose 7 middlewares into one security middleware
2021-12-14 17:39:19,800 INFO 18252 [egg:core] dump config after load, 4ms
2021-12-14 17:39:19,807 INFO 18252 [egg-watcher:application] watcher start success
2021-12-14 17:39:19,813 INFO 18252 [egg:core] dump config after ready, 4ms
2021-12-14 17:39:30,711 INFO 5968 [egg:logger] init all loggers with options: {"dir":"D:\\practise\\nodeServe\\logs\\nodeserve","encoding":"utf8","env":"local","level":"INFO","consoleLevel":"INFO","disableConsoleAfterReady":false,"outputJSON":false,"buffer":true,"appLogName":"nodeserve-web.log","coreLogName":"egg-web.log","agentLogName":"egg-agent.log","errorLogName":"common-error.log","coreLogger":{"consoleLevel":"WARN"},"allowDebugAtProd":false,"enablePerformanceTimer":false,"type":"application"}
2021-12-14 17:39:30,732 INFO 5968 [egg-multipart] stream mode enable
2021-12-14 17:39:30,831 INFO 5968 [egg-static] starting static serve /public/ -> D:\practise\nodeServe\app\public
2021-12-14 17:39:30,838 INFO 5968 [egg-security] use csrf middleware
2021-12-14 17:39:30,838 INFO 5968 [egg-security] use methodnoallow middleware
2021-12-14 17:39:30,839 INFO 5968 [egg-security] use noopen middleware
2021-12-14 17:39:30,840 INFO 5968 [egg-security] use nosniff middleware
2021-12-14 17:39:30,840 INFO 5968 [egg-security] use xssProtection middleware
2021-12-14 17:39:30,841 INFO 5968 [egg-security] use xframe middleware
2021-12-14 17:39:30,841 INFO 5968 [egg-security] use dta middleware
2021-12-14 17:39:30,841 INFO 5968 [egg-security] compose 7 middlewares into one security middleware
2021-12-14 17:39:30,863 INFO 5968 [egg:core] dump config after load, 3ms
2021-12-14 17:39:30,870 INFO 5968 [egg-watcher:application] watcher start success
2021-12-14 17:39:30,874 INFO 5968 [egg:core] dump config after ready, 3ms
2021-12-14 17:39:46,115 INFO 7252 [egg:logger] init all loggers with options: {"dir":"D:\\practise\\nodeServe\\logs\\nodeserve","encoding":"utf8","env":"local","level":"INFO","consoleLevel":"INFO","disableConsoleAfterReady":false,"outputJSON":false,"buffer":true,"appLogName":"nodeserve-web.log","coreLogName":"egg-web.log","agentLogName":"egg-agent.log","errorLogName":"common-error.log","coreLogger":{"consoleLevel":"WARN"},"allowDebugAtProd":false,"enablePerformanceTimer":false,"type":"application"}
2021-12-14 17:39:46,136 INFO 7252 [egg-multipart] stream mode enable
2021-12-14 17:39:46,239 INFO 7252 [egg-static] starting static serve /public/ -> D:\practise\nodeServe\app\public
2021-12-14 17:39:46,245 INFO 7252 [egg-security] use csrf middleware
2021-12-14 17:39:46,245 INFO 7252 [egg-security] use methodnoallow middleware
2021-12-14 17:39:46,246 INFO 7252 [egg-security] use noopen middleware
2021-12-14 17:39:46,247 INFO 7252 [egg-security] use nosniff middleware
2021-12-14 17:39:46,247 INFO 7252 [egg-security] use xssProtection middleware
2021-12-14 17:39:46,247 INFO 7252 [egg-security] use xframe middleware
2021-12-14 17:39:46,248 INFO 7252 [egg-security] use dta middleware
2021-12-14 17:39:46,248 INFO 7252 [egg-security] compose 7 middlewares into one security middleware
2021-12-14 17:39:46,269 INFO 7252 [egg:core] dump config after load, 3ms
2021-12-14 17:39:46,276 INFO 7252 [egg-watcher:application] watcher start success
2021-12-14 17:39:46,281 INFO 7252 [egg:core] dump config after ready, 4ms
2021-12-14 17:39:56,219 INFO 5100 [egg:logger] init all loggers with options: {"dir":"D:\\practise\\nodeServe\\logs\\nodeserve","encoding":"utf8","env":"local","level":"INFO","consoleLevel":"INFO","disableConsoleAfterReady":false,"outputJSON":false,"buffer":true,"appLogName":"nodeserve-web.log","coreLogName":"egg-web.log","agentLogName":"egg-agent.log","errorLogName":"common-error.log","coreLogger":{"consoleLevel":"WARN"},"allowDebugAtProd":false,"enablePerformanceTimer":false,"type":"application"}
2021-12-14 17:39:56,240 INFO 5100 [egg-multipart] stream mode enable
2021-12-14 17:39:56,337 INFO 5100 [egg-static] starting static serve /public/ -> D:\practise\nodeServe\app\public
2021-12-14 17:39:56,343 INFO 5100 [egg-security] use csrf middleware
2021-12-14 17:39:56,344 INFO 5100 [egg-security] use methodnoallow middleware
2021-12-14 17:39:56,344 INFO 5100 [egg-security] use noopen middleware
2021-12-14 17:39:56,345 INFO 5100 [egg-security] use nosniff middleware
2021-12-14 17:39:56,346 INFO 5100 [egg-security] use xssProtection middleware
2021-12-14 17:39:56,346 INFO 5100 [egg-security] use xframe middleware
2021-12-14 17:39:56,346 INFO 5100 [egg-security] use dta middleware
2021-12-14 17:39:56,346 INFO 5100 [egg-security] compose 7 middlewares into one security middleware
2021-12-14 17:39:56,367 INFO 5100 [egg:core] dump config after load, 3ms
2021-12-14 17:39:56,374 INFO 5100 [egg-watcher:application] watcher start success
2021-12-14 17:39:56,389 INFO 5100 [egg:core] dump config after ready, 14ms
2021-12-14 17:40:05,717 INFO 4124 [egg:logger] init all loggers with options: {"dir":"D:\\practise\\nodeServe\\logs\\nodeserve","encoding":"utf8","env":"local","level":"INFO","consoleLevel":"INFO","disableConsoleAfterReady":false,"outputJSON":false,"buffer":true,"appLogName":"nodeserve-web.log","coreLogName":"egg-web.log","agentLogName":"egg-agent.log","errorLogName":"common-error.log","coreLogger":{"consoleLevel":"WARN"},"allowDebugAtProd":false,"enablePerformanceTimer":false,"type":"application"}
2021-12-14 17:40:05,739 INFO 4124 [egg-multipart] stream mode enable
2021-12-14 17:40:05,843 INFO 4124 [egg-static] starting static serve /public/ -> D:\practise\nodeServe\app\public
2021-12-14 17:40:05,845 INFO 4124 [egg-security] use methodnoallow middleware
2021-12-14 17:40:05,845 INFO 4124 [egg-security] use noopen middleware
2021-12-14 17:40:05,846 INFO 4124 [egg-security] use nosniff middleware
2021-12-14 17:40:05,847 INFO 4124 [egg-security] use xssProtection middleware
2021-12-14 17:40:05,847 INFO 4124 [egg-security] use xframe middleware
2021-12-14 17:40:05,848 INFO 4124 [egg-security] use dta middleware
2021-12-14 17:40:05,848 INFO 4124 [egg-security] compose 6 middlewares into one security middleware
2021-12-14 17:40:05,869 INFO 4124 [egg:core] dump config after load, 3ms
2021-12-14 17:40:05,875 INFO 4124 [egg-watcher:application] watcher start success
2021-12-14 17:40:05,880 INFO 4124 [egg:core] dump config after ready, 3ms
2021-12-14 17:40:18,270 INFO 18292 [egg:logger] init all loggers with options: {"dir":"D:\\practise\\nodeServe\\logs\\nodeserve","encoding":"utf8","env":"local","level":"INFO","consoleLevel":"INFO","disableConsoleAfterReady":false,"outputJSON":false,"buffer":true,"appLogName":"nodeserve-web.log","coreLogName":"egg-web.log","agentLogName":"egg-agent.log","errorLogName":"common-error.log","coreLogger":{"consoleLevel":"WARN"},"allowDebugAtProd":false,"enablePerformanceTimer":false,"type":"application"}
2021-12-14 17:40:18,290 INFO 18292 [egg-multipart] stream mode enable
2021-12-14 17:40:18,394 INFO 18292 [egg-static] starting static serve /public/ -> D:\practise\nodeServe\app\public
2021-12-14 17:40:18,395 INFO 18292 [egg-security] use methodnoallow middleware
2021-12-14 17:40:18,396 INFO 18292 [egg-security] use noopen middleware
2021-12-14 17:40:18,397 INFO 18292 [egg-security] use nosniff middleware
2021-12-14 17:40:18,397 INFO 18292 [egg-security] use xssProtection middleware
2021-12-14 17:40:18,397 INFO 18292 [egg-security] use xframe middleware
2021-12-14 17:40:18,398 INFO 18292 [egg-security] use dta middleware
2021-12-14 17:40:18,398 INFO 18292 [egg-security] compose 6 middlewares into one security middleware
2021-12-14 17:40:18,418 INFO 18292 [egg:core] dump config after load, 3ms
2021-12-14 17:40:18,425 INFO 18292 [egg-watcher:application] watcher start success
2021-12-14 17:40:18,430 INFO 18292 [egg:core] dump config after ready, 4ms
2021-12-14 17:40:27,501 INFO 8628 [egg:logger] init all loggers with options: {"dir":"D:\\practise\\nodeServe\\logs\\nodeserve","encoding":"utf8","env":"local","level":"INFO","consoleLevel":"INFO","disableConsoleAfterReady":false,"outputJSON":false,"buffer":true,"appLogName":"nodeserve-web.log","coreLogName":"egg-web.log","agentLogName":"egg-agent.log","errorLogName":"common-error.log","coreLogger":{"consoleLevel":"WARN"},"allowDebugAtProd":false,"enablePerformanceTimer":false,"type":"application"}
2021-12-14 17:40:27,523 INFO 8628 [egg-multipart] stream mode enable
2021-12-14 17:40:27,629 INFO 8628 [egg-static] starting static serve /public/ -> D:\practise\nodeServe\app\public
2021-12-14 17:40:27,631 INFO 8628 [egg-security] use methodnoallow middleware
2021-12-14 17:40:27,632 INFO 8628 [egg-security] use noopen middleware
2021-12-14 17:40:27,633 INFO 8628 [egg-security] use nosniff middleware
2021-12-14 17:40:27,633 INFO 8628 [egg-security] use xssProtection middleware
2021-12-14 17:40:27,634 INFO 8628 [egg-security] use xframe middleware
2021-12-14 17:40:27,634 INFO 8628 [egg-security] use dta middleware
2021-12-14 17:40:27,634 INFO 8628 [egg-security] compose 6 middlewares into one security middleware
2021-12-14 17:40:27,659 INFO 8628 [egg:core] dump config after load, 4ms
2021-12-14 17:40:27,669 INFO 8628 [egg-watcher:application] watcher start success
2021-12-14 17:40:27,674 INFO 8628 [egg:core] dump config after ready, 3ms
2021-12-14 17:40:52,979 INFO 5940 [egg:logger] init all loggers with options: {"dir":"D:\\practise\\nodeServe\\logs\\nodeserve","encoding":"utf8","env":"local","level":"INFO","consoleLevel":"INFO","disableConsoleAfterReady":false,"outputJSON":false,"buffer":true,"appLogName":"nodeserve-web.log","coreLogName":"egg-web.log","agentLogName":"egg-agent.log","errorLogName":"common-error.log","coreLogger":{"consoleLevel":"WARN"},"allowDebugAtProd":false,"enablePerformanceTimer":false,"type":"application"}
2021-12-14 17:40:53,000 INFO 5940 [egg-multipart] stream mode enable
2021-12-14 17:40:53,102 INFO 5940 [egg-static] starting static serve /public/ -> D:\practise\nodeServe\app\public
2021-12-14 17:40:53,104 INFO 5940 [egg-security] use methodnoallow middleware
2021-12-14 17:40:53,104 INFO 5940 [egg-security] use noopen middleware
2021-12-14 17:40:53,105 INFO 5940 [egg-security] use nosniff middleware
2021-12-14 17:40:53,106 INFO 5940 [egg-security] use xssProtection middleware
2021-12-14 17:40:53,106 INFO 5940 [egg-security] use xframe middleware
2021-12-14 17:40:53,106 INFO 5940 [egg-security] use dta middleware
2021-12-14 17:40:53,106 INFO 5940 [egg-security] compose 6 middlewares into one security middleware
2021-12-14 17:40:53,126 INFO 5940 [egg:core] dump config after load, 3ms
2021-12-14 17:40:53,133 INFO 5940 [egg-watcher:application] watcher start success
2021-12-14 17:40:53,138 INFO 5940 [egg:core] dump config after ready, 4ms
2021-12-14 17:41:36,409 INFO 4800 [egg:logger] init all loggers with options: {"dir":"D:\\practise\\nodeServe\\logs\\nodeserve","encoding":"utf8","env":"local","level":"INFO","consoleLevel":"INFO","disableConsoleAfterReady":false,"outputJSON":false,"buffer":true,"appLogName":"nodeserve-web.log","coreLogName":"egg-web.log","agentLogName":"egg-agent.log","errorLogName":"common-error.log","coreLogger":{"consoleLevel":"WARN"},"allowDebugAtProd":false,"enablePerformanceTimer":false,"type":"application"}
2021-12-14 17:41:36,428 INFO 4800 [egg-multipart] stream mode enable
2021-12-14 17:41:36,531 INFO 4800 [egg-static] starting static serve /public/ -> D:\practise\nodeServe\app\public
2021-12-14 17:41:36,533 INFO 4800 [egg-security] use methodnoallow middleware
2021-12-14 17:41:36,533 INFO 4800 [egg-security] use noopen middleware
2021-12-14 17:41:36,534 INFO 4800 [egg-security] use nosniff middleware
2021-12-14 17:41:36,535 INFO 4800 [egg-security] use xssProtection middleware
2021-12-14 17:41:36,535 INFO 4800 [egg-security] use xframe middleware
2021-12-14 17:41:36,535 INFO 4800 [egg-security] use dta middleware
2021-12-14 17:41:36,535 INFO 4800 [egg-security] compose 6 middlewares into one security middleware
2021-12-14 17:41:36,555 INFO 4800 [egg:core] dump config after load, 3ms
2021-12-14 17:41:36,563 INFO 4800 [egg-watcher:application] watcher start success
2021-12-14 17:41:36,568 INFO 4800 [egg:core] dump config after ready, 4ms
2021-12-14 17:41:58,555 INFO 25484 [egg:logger] init all loggers with options: {"dir":"D:\\practise\\nodeServe\\logs\\nodeserve","encoding":"utf8","env":"local","level":"INFO","consoleLevel":"INFO","disableConsoleAfterReady":false,"outputJSON":false,"buffer":true,"appLogName":"nodeserve-web.log","coreLogName":"egg-web.log","agentLogName":"egg-agent.log","errorLogName":"common-error.log","coreLogger":{"consoleLevel":"WARN"},"allowDebugAtProd":false,"enablePerformanceTimer":false,"type":"application"}
2021-12-14 17:41:58,575 INFO 25484 [egg-multipart] stream mode enable
2021-12-14 17:41:58,676 INFO 25484 [egg-static] starting static serve /public/ -> D:\practise\nodeServe\app\public
2021-12-14 17:41:58,678 INFO 25484 [egg-security] use methodnoallow middleware
2021-12-14 17:41:58,678 INFO 25484 [egg-security] use noopen middleware
2021-12-14 17:41:58,679 INFO 25484 [egg-security] use nosniff middleware
2021-12-14 17:41:58,680 INFO 25484 [egg-security] use xssProtection middleware
2021-12-14 17:41:58,680 INFO 25484 [egg-security] use xframe middleware
2021-12-14 17:41:58,680 INFO 25484 [egg-security] use dta middleware
2021-12-14 17:41:58,680 INFO 25484 [egg-security] compose 6 middlewares into one security middleware
2021-12-14 17:41:58,700 INFO 25484 [egg:core] dump config after load, 2ms
2021-12-14 17:41:58,708 INFO 25484 [egg-watcher:application] watcher start success
2021-12-14 17:41:58,713 INFO 25484 [egg:core] dump config after ready, 4ms
2021-12-14 17:43:21,415 INFO 16932 [egg:logger] init all loggers with options: {"dir":"D:\\practise\\nodeServe\\logs\\nodeserve","encoding":"utf8","env":"local","level":"INFO","consoleLevel":"INFO","disableConsoleAfterReady":false,"outputJSON":false,"buffer":true,"appLogName":"nodeserve-web.log","coreLogName":"egg-web.log","agentLogName":"egg-agent.log","errorLogName":"common-error.log","coreLogger":{"consoleLevel":"WARN"},"allowDebugAtProd":false,"enablePerformanceTimer":false,"type":"application"}
2021-12-14 17:43:21,437 INFO 16932 [egg-multipart] stream mode enable
2021-12-14 17:43:21,541 INFO 16932 [egg-static] starting static serve /public/ -> D:\practise\nodeServe\app\public
2021-12-14 17:43:21,542 INFO 16932 [egg-security] use methodnoallow middleware
2021-12-14 17:43:21,543 INFO 16932 [egg-security] use noopen middleware
2021-12-14 17:43:21,544 INFO 16932 [egg-security] use nosniff middleware
2021-12-14 17:43:21,544 INFO 16932 [egg-security] use xssProtection middleware
2021-12-14 17:43:21,545 INFO 16932 [egg-security] use xframe middleware
2021-12-14 17:43:21,545 INFO 16932 [egg-security] use dta middleware
2021-12-14 17:43:21,545 INFO 16932 [egg-security] compose 6 middlewares into one security middleware
2021-12-14 17:43:21,568 INFO 16932 [egg:core] dump config after load, 3ms
2021-12-14 17:43:21,574 INFO 16932 [egg-watcher:application] watcher start success
2021-12-14 17:43:21,579 INFO 16932 [egg:core] dump config after ready, 3ms
2021-12-14 17:43:29,756 INFO 7952 [egg:logger] init all loggers with options: {"dir":"D:\\practise\\nodeServe\\logs\\nodeserve","encoding":"utf8","env":"local","level":"INFO","consoleLevel":"INFO","disableConsoleAfterReady":false,"outputJSON":false,"buffer":true,"appLogName":"nodeserve-web.log","coreLogName":"egg-web.log","agentLogName":"egg-agent.log","errorLogName":"common-error.log","coreLogger":{"consoleLevel":"WARN"},"allowDebugAtProd":false,"enablePerformanceTimer":false,"type":"application"}
2021-12-14 17:43:29,775 INFO 7952 [egg-multipart] stream mode enable
2021-12-14 17:43:29,877 INFO 7952 [egg-static] starting static serve /public/ -> D:\practise\nodeServe\app\public
2021-12-14 17:43:29,878 INFO 7952 [egg-security] use methodnoallow middleware
2021-12-14 17:43:29,879 INFO 7952 [egg-security] use noopen middleware
2021-12-14 17:43:29,880 INFO 7952 [egg-security] use nosniff middleware
2021-12-14 17:43:29,880 INFO 7952 [egg-security] use xssProtection middleware
2021-12-14 17:43:29,880 INFO 7952 [egg-security] use xframe middleware
2021-12-14 17:43:29,881 INFO 7952 [egg-security] use dta middleware
2021-12-14 17:43:29,881 INFO 7952 [egg-security] compose 6 middlewares into one security middleware
2021-12-14 17:43:29,905 INFO 7952 [egg:core] dump config after load, 4ms
2021-12-14 17:43:29,911 INFO 7952 [egg-watcher:application] watcher start success
2021-12-14 17:43:29,916 INFO 7952 [egg:core] dump config after ready, 3ms
2021-12-14 17:45:13,151 INFO 15888 [egg:logger] init all loggers with options: {"dir":"D:\\practise\\nodeServe\\logs\\nodeserve","encoding":"utf8","env":"local","level":"INFO","consoleLevel":"INFO","disableConsoleAfterReady":false,"outputJSON":false,"buffer":true,"appLogName":"nodeserve-web.log","coreLogName":"egg-web.log","agentLogName":"egg-agent.log","errorLogName":"common-error.log","coreLogger":{"consoleLevel":"WARN"},"allowDebugAtProd":false,"enablePerformanceTimer":false,"type":"application"}
2021-12-14 17:45:13,170 INFO 15888 [egg-multipart] stream mode enable
2021-12-14 17:45:13,274 INFO 15888 [egg-static] starting static serve /public/ -> D:\practise\nodeServe\app\public
2021-12-14 17:45:13,276 INFO 15888 [egg-security] use methodnoallow middleware
2021-12-14 17:45:13,276 INFO 15888 [egg-security] use noopen middleware
2021-12-14 17:45:13,277 INFO 15888 [egg-security] use nosniff middleware
2021-12-14 17:45:13,278 INFO 15888 [egg-security] use xssProtection middleware
2021-12-14 17:45:13,278 INFO 15888 [egg-security] use xframe middleware
2021-12-14 17:45:13,278 INFO 15888 [egg-security] use dta middleware
2021-12-14 17:45:13,278 INFO 15888 [egg-security] compose 6 middlewares into one security middleware
2021-12-14 17:45:13,305 INFO 15888 [egg:core] dump config after load, 3ms
2021-12-14 17:45:13,311 INFO 15888 [egg-watcher:application] watcher start success
2021-12-14 17:45:13,316 INFO 15888 [egg:core] dump config after ready, 4ms
2021-12-14 17:45:19,382 INFO 18840 [egg:logger] init all loggers with options: {"dir":"D:\\practise\\nodeServe\\logs\\nodeserve","encoding":"utf8","env":"local","level":"INFO","consoleLevel":"INFO","disableConsoleAfterReady":false,"outputJSON":false,"buffer":true,"appLogName":"nodeserve-web.log","coreLogName":"egg-web.log","agentLogName":"egg-agent.log","errorLogName":"common-error.log","coreLogger":{"consoleLevel":"WARN"},"allowDebugAtProd":false,"enablePerformanceTimer":false,"type":"application"}
2021-12-14 17:45:19,404 INFO 18840 [egg-multipart] stream mode enable
2021-12-14 17:45:19,507 INFO 18840 [egg-static] starting static serve /public/ -> D:\practise\nodeServe\app\public
2021-12-14 17:45:19,509 INFO 18840 [egg-security] use methodnoallow middleware
2021-12-14 17:45:19,510 INFO 18840 [egg-security] use noopen middleware
2021-12-14 17:45:19,511 INFO 18840 [egg-security] use nosniff middleware
2021-12-14 17:45:19,512 INFO 18840 [egg-security] use xssProtection middleware
2021-12-14 17:45:19,512 INFO 18840 [egg-security] use xframe middleware
2021-12-14 17:45:19,512 INFO 18840 [egg-security] use dta middleware
2021-12-14 17:45:19,512 INFO 18840 [egg-security] compose 6 middlewares into one security middleware
2021-12-14 17:45:19,540 INFO 18840 [egg:core] dump config after load, 3ms
2021-12-14 17:45:19,549 INFO 18840 [egg-watcher:application] watcher start success
2021-12-14 17:45:19,554 INFO 18840 [egg:core] dump config after ready, 4ms
2021-12-14 17:51:08,774 INFO 21080 [egg:logger] init all loggers with options: {"dir":"D:\\practise\\nodeServe\\logs\\nodeserve","encoding":"utf8","env":"local","level":"INFO","consoleLevel":"INFO","disableConsoleAfterReady":false,"outputJSON":false,"buffer":true,"appLogName":"nodeserve-web.log","coreLogName":"egg-web.log","agentLogName":"egg-agent.log","errorLogName":"common-error.log","coreLogger":{"consoleLevel":"WARN"},"allowDebugAtProd":false,"enablePerformanceTimer":false,"type":"application"}
2021-12-14 17:51:08,794 INFO 21080 [egg-multipart] stream mode enable
2021-12-14 17:51:08,897 INFO 21080 [egg-static] starting static serve /public/ -> D:\practise\nodeServe\app\public
2021-12-14 17:51:08,898 INFO 21080 [egg-security] use methodnoallow middleware
2021-12-14 17:51:08,899 INFO 21080 [egg-security] use noopen middleware
2021-12-14 17:51:08,900 INFO 21080 [egg-security] use nosniff middleware
2021-12-14 17:51:08,900 INFO 21080 [egg-security] use xssProtection middleware
2021-12-14 17:51:08,900 INFO 21080 [egg-security] use xframe middleware
2021-12-14 17:51:08,901 INFO 21080 [egg-security] use dta middleware
2021-12-14 17:51:08,901 INFO 21080 [egg-security] compose 6 middlewares into one security middleware
2021-12-14 17:51:08,924 INFO 21080 [egg:core] dump config after load, 3ms
2021-12-14 17:51:08,930 INFO 21080 [egg-watcher:application] watcher start success
2021-12-14 17:51:08,935 INFO 21080 [egg:core] dump config after ready, 4ms
2021-12-14 17:51:26,685 INFO 13912 [egg:logger] init all loggers with options: {"dir":"D:\\practise\\nodeServe\\logs\\nodeserve","encoding":"utf8","env":"local","level":"INFO","consoleLevel":"INFO","disableConsoleAfterReady":false,"outputJSON":false,"buffer":true,"appLogName":"nodeserve-web.log","coreLogName":"egg-web.log","agentLogName":"egg-agent.log","errorLogName":"common-error.log","coreLogger":{"consoleLevel":"WARN"},"allowDebugAtProd":false,"enablePerformanceTimer":false,"type":"application"}
2021-12-14 17:51:26,706 INFO 13912 [egg-multipart] stream mode enable
2021-12-14 17:51:26,810 INFO 13912 [egg-static] starting static serve /public/ -> D:\practise\nodeServe\app\public
2021-12-14 17:51:26,812 INFO 13912 [egg-security] use methodnoallow middleware
2021-12-14 17:51:26,812 INFO 13912 [egg-security] use noopen middleware
2021-12-14 17:51:26,813 INFO 13912 [egg-security] use nosniff middleware
2021-12-14 17:51:26,814 INFO 13912 [egg-security] use xssProtection middleware
2021-12-14 17:51:26,814 INFO 13912 [egg-security] use xframe middleware
2021-12-14 17:51:26,814 INFO 13912 [egg-security] use dta middleware
2021-12-14 17:51:26,814 INFO 13912 [egg-security] compose 6 middlewares into one security middleware
2021-12-14 17:51:26,839 INFO 13912 [egg:core] dump config after load, 3ms
2021-12-14 17:51:26,845 INFO 13912 [egg-watcher:application] watcher start success
2021-12-14 17:51:26,850 INFO 13912 [egg:core] dump config after ready, 3ms
2021-12-14 17:52:25,919 INFO 4180 [egg:logger] init all loggers with options: {"dir":"D:\\practise\\nodeServe\\logs\\nodeserve","encoding":"utf8","env":"local","level":"INFO","consoleLevel":"INFO","disableConsoleAfterReady":false,"outputJSON":false,"buffer":true,"appLogName":"nodeserve-web.log","coreLogName":"egg-web.log","agentLogName":"egg-agent.log","errorLogName":"common-error.log","coreLogger":{"consoleLevel":"WARN"},"allowDebugAtProd":false,"enablePerformanceTimer":false,"type":"application"}
2021-12-14 17:52:25,939 INFO 4180 [egg-multipart] stream mode enable
2021-12-14 17:52:26,042 INFO 4180 [egg-static] starting static serve /public/ -> D:\practise\nodeServe\app\public
2021-12-14 17:52:26,043 INFO 4180 [egg-security] use methodnoallow middleware
2021-12-14 17:52:26,044 INFO 4180 [egg-security] use noopen middleware
2021-12-14 17:52:26,045 INFO 4180 [egg-security] use nosniff middleware
2021-12-14 17:52:26,045 INFO 4180 [egg-security] use xssProtection middleware
2021-12-14 17:52:26,045 INFO 4180 [egg-security] use xframe middleware
2021-12-14 17:52:26,046 INFO 4180 [egg-security] use dta middleware
2021-12-14 17:52:26,046 INFO 4180 [egg-security] compose 6 middlewares into one security middleware
2021-12-14 17:52:26,066 INFO 4180 [egg:core] dump config after load, 3ms
2021-12-14 17:52:26,074 INFO 4180 [egg-watcher:application] watcher start success
2021-12-14 17:52:26,079 INFO 4180 [egg:core] dump config after ready, 4ms
2021-12-14 17:52:37,384 INFO 25736 [egg:logger] init all loggers with options: {"dir":"D:\\practise\\nodeServe\\logs\\nodeserve","encoding":"utf8","env":"local","level":"INFO","consoleLevel":"INFO","disableConsoleAfterReady":false,"outputJSON":false,"buffer":true,"appLogName":"nodeserve-web.log","coreLogName":"egg-web.log","agentLogName":"egg-agent.log","errorLogName":"common-error.log","coreLogger":{"consoleLevel":"WARN"},"allowDebugAtProd":false,"enablePerformanceTimer":false,"type":"application"}
2021-12-14 17:52:37,404 INFO 25736 [egg-multipart] stream mode enable
2021-12-14 17:52:37,504 INFO 25736 [egg-static] starting static serve /public/ -> D:\practise\nodeServe\app\public
2021-12-14 17:52:37,505 INFO 25736 [egg-security] use methodnoallow middleware
2021-12-14 17:52:37,506 INFO 25736 [egg-security] use noopen middleware
2021-12-14 17:52:37,507 INFO 25736 [egg-security] use nosniff middleware
2021-12-14 17:52:37,507 INFO 25736 [egg-security] use xssProtection middleware
2021-12-14 17:52:37,507 INFO 25736 [egg-security] use xframe middleware
2021-12-14 17:52:37,508 INFO 25736 [egg-security] use dta middleware
2021-12-14 17:52:37,508 INFO 25736 [egg-security] compose 6 middlewares into one security middleware
2021-12-14 17:52:37,529 INFO 25736 [egg:core] dump config after load, 3ms
2021-12-14 17:52:37,536 INFO 25736 [egg-watcher:application] watcher start success
2021-12-14 17:52:37,541 INFO 25736 [egg:core] dump config after ready, 4ms
2021-12-14 17:54:16,317 INFO 23712 [egg:logger] init all loggers with options: {"dir":"D:\\practise\\nodeServe\\logs\\nodeserve","encoding":"utf8","env":"local","level":"INFO","consoleLevel":"INFO","disableConsoleAfterReady":false,"outputJSON":false,"buffer":true,"appLogName":"nodeserve-web.log","coreLogName":"egg-web.log","agentLogName":"egg-agent.log","errorLogName":"common-error.log","coreLogger":{"consoleLevel":"WARN"},"allowDebugAtProd":false,"enablePerformanceTimer":false,"type":"application"}
2021-12-14 17:54:16,338 INFO 23712 [egg-multipart] stream mode enable
2021-12-14 17:54:16,439 INFO 23712 [egg-static] starting static serve /public/ -> D:\practise\nodeServe\app\public
2021-12-14 17:54:16,441 INFO 23712 [egg-security] use methodnoallow middleware
2021-12-14 17:54:16,441 INFO 23712 [egg-security] use noopen middleware
2021-12-14 17:54:16,442 INFO 23712 [egg-security] use nosniff middleware
2021-12-14 17:54:16,443 INFO 23712 [egg-security] use xssProtection middleware
2021-12-14 17:54:16,443 INFO 23712 [egg-security] use xframe middleware
2021-12-14 17:54:16,443 INFO 23712 [egg-security] use dta middleware
2021-12-14 17:54:16,443 INFO 23712 [egg-security] compose 6 middlewares into one security middleware
2021-12-14 17:54:16,463 INFO 23712 [egg:core] dump config after load, 3ms
2021-12-14 17:54:16,470 INFO 23712 [egg-watcher:application] watcher start success
2021-12-14 17:54:16,476 INFO 23712 [egg:core] dump config after ready, 4ms
2021-12-14 17:58:59,136 INFO 22072 [egg:logger] init all loggers with options: {"dir":"D:\\practise\\nodeServe\\logs\\nodeserve","encoding":"utf8","env":"local","level":"INFO","consoleLevel":"INFO","disableConsoleAfterReady":false,"outputJSON":false,"buffer":true,"appLogName":"nodeserve-web.log","coreLogName":"egg-web.log","agentLogName":"egg-agent.log","errorLogName":"common-error.log","coreLogger":{"consoleLevel":"WARN"},"allowDebugAtProd":false,"enablePerformanceTimer":false,"type":"application"}
2021-12-14 17:58:59,157 INFO 22072 [egg-multipart] stream mode enable
2021-12-14 17:58:59,261 INFO 22072 [egg-static] starting static serve /public/ -> D:\practise\nodeServe\app\public
2021-12-14 17:58:59,262 INFO 22072 [egg-security] use methodnoallow middleware
2021-12-14 17:58:59,263 INFO 22072 [egg-security] use noopen middleware
2021-12-14 17:58:59,264 INFO 22072 [egg-security] use nosniff middleware
2021-12-14 17:58:59,264 INFO 22072 [egg-security] use xssProtection middleware
2021-12-14 17:58:59,265 INFO 22072 [egg-security] use xframe middleware
2021-12-14 17:58:59,265 INFO 22072 [egg-security] use dta middleware
2021-12-14 17:58:59,265 INFO 22072 [egg-security] compose 6 middlewares into one security middleware
2021-12-14 17:58:59,288 INFO 22072 [egg:core] dump config after load, 4ms
2021-12-14 17:58:59,295 INFO 22072 [egg-watcher:application] watcher start success
2021-12-14 17:58:59,300 INFO 22072 [egg:core] dump config after ready, 4ms
2021-12-14 17:59:28,867 INFO 9000 [egg:logger] init all loggers with options: {"dir":"D:\\practise\\nodeServe\\logs\\nodeserve","encoding":"utf8","env":"local","level":"INFO","consoleLevel":"INFO","disableConsoleAfterReady":false,"outputJSON":false,"buffer":true,"appLogName":"nodeserve-web.log","coreLogName":"egg-web.log","agentLogName":"egg-agent.log","errorLogName":"common-error.log","coreLogger":{"consoleLevel":"WARN"},"allowDebugAtProd":false,"enablePerformanceTimer":false,"type":"application"}
2021-12-14 17:59:28,886 INFO 9000 [egg-multipart] stream mode enable
2021-12-14 17:59:28,988 INFO 9000 [egg-static] starting static serve /public/ -> D:\practise\nodeServe\app\public
2021-12-14 17:59:28,989 INFO 9000 [egg-security] use methodnoallow middleware
2021-12-14 17:59:28,990 INFO 9000 [egg-security] use noopen middleware
2021-12-14 17:59:28,991 INFO 9000 [egg-security] use nosniff middleware
2021-12-14 17:59:28,991 INFO 9000 [egg-security] use xssProtection middleware
2021-12-14 17:59:28,991 INFO 9000 [egg-security] use xframe middleware
2021-12-14 17:59:28,992 INFO 9000 [egg-security] use dta middleware
2021-12-14 17:59:28,992 INFO 9000 [egg-security] compose 6 middlewares into one security middleware
2021-12-14 17:59:29,014 INFO 9000 [egg:core] dump config after load, 3ms
2021-12-14 17:59:29,020 INFO 9000 [egg-watcher:application] watcher start success
2021-12-14 17:59:29,026 INFO 9000 [egg:core] dump config after ready, 4ms
2021-12-14 18:02:17,829 INFO 14844 [egg:logger] init all loggers with options: {"dir":"D:\\practise\\nodeServe\\logs\\nodeserve","encoding":"utf8","env":"local","level":"INFO","consoleLevel":"INFO","disableConsoleAfterReady":false,"outputJSON":false,"buffer":true,"appLogName":"nodeserve-web.log","coreLogName":"egg-web.log","agentLogName":"egg-agent.log","errorLogName":"common-error.log","coreLogger":{"consoleLevel":"WARN"},"allowDebugAtProd":false,"enablePerformanceTimer":false,"type":"application"}
2021-12-14 18:02:17,849 INFO 14844 [egg-multipart] stream mode enable
2021-12-14 18:02:17,953 INFO 14844 [egg-static] starting static serve /public/ -> D:\practise\nodeServe\app\public
2021-12-14 18:02:17,954 INFO 14844 [egg-security] use methodnoallow middleware
2021-12-14 18:02:17,955 INFO 14844 [egg-security] use noopen middleware
2021-12-14 18:02:17,956 INFO 14844 [egg-security] use nosniff middleware
2021-12-14 18:02:17,956 INFO 14844 [egg-security] use xssProtection middleware
2021-12-14 18:02:17,957 INFO 14844 [egg-security] use xframe middleware
2021-12-14 18:02:17,957 INFO 14844 [egg-security] use dta middleware
2021-12-14 18:02:17,957 INFO 14844 [egg-security] compose 6 middlewares into one security middleware
2021-12-14 18:02:17,979 INFO 14844 [egg:core] dump config after load, 3ms
2021-12-14 18:02:17,986 INFO 14844 [egg-watcher:application] watcher start success
2021-12-14 18:02:17,992 INFO 14844 [egg:core] dump config after ready, 5ms
2021-12-14 18:02:26,159 INFO 23548 [egg:logger] init all loggers with options: {"dir":"D:\\practise\\nodeServe\\logs\\nodeserve","encoding":"utf8","env":"local","level":"INFO","consoleLevel":"INFO","disableConsoleAfterReady":false,"outputJSON":false,"buffer":true,"appLogName":"nodeserve-web.log","coreLogName":"egg-web.log","agentLogName":"egg-agent.log","errorLogName":"common-error.log","coreLogger":{"consoleLevel":"WARN"},"allowDebugAtProd":false,"enablePerformanceTimer":false,"type":"application"}
2021-12-14 18:02:26,180 INFO 23548 [egg-multipart] stream mode enable
2021-12-14 18:02:26,281 INFO 23548 [egg-static] starting static serve /public/ -> D:\practise\nodeServe\app\public
2021-12-14 18:02:26,283 INFO 23548 [egg-security] use methodnoallow middleware
2021-12-14 18:02:26,283 INFO 23548 [egg-security] use noopen middleware
2021-12-14 18:02:26,284 INFO 23548 [egg-security] use nosniff middleware
2021-12-14 18:02:26,284 INFO 23548 [egg-security] use xssProtection middleware
2021-12-14 18:02:26,285 INFO 23548 [egg-security] use xframe middleware
2021-12-14 18:02:26,285 INFO 23548 [egg-security] use dta middleware
2021-12-14 18:02:26,285 INFO 23548 [egg-security] compose 6 middlewares into one security middleware
2021-12-14 18:02:26,307 INFO 23548 [egg:core] dump config after load, 3ms
2021-12-14 18:02:26,313 INFO 23548 [egg-watcher:application] watcher start success
2021-12-14 18:02:26,318 INFO 23548 [egg:core] dump config after ready, 4ms
2021-12-14 18:03:27,410 INFO 13860 [egg:logger] init all loggers with options: {"dir":"D:\\practise\\nodeServe\\logs\\nodeserve","encoding":"utf8","env":"local","level":"INFO","consoleLevel":"INFO","disableConsoleAfterReady":false,"outputJSON":false,"buffer":true,"appLogName":"nodeserve-web.log","coreLogName":"egg-web.log","agentLogName":"egg-agent.log","errorLogName":"common-error.log","coreLogger":{"consoleLevel":"WARN"},"allowDebugAtProd":false,"enablePerformanceTimer":false,"type":"application"}
2021-12-14 18:03:27,429 INFO 13860 [egg-multipart] stream mode enable
2021-12-14 18:03:27,531 INFO 13860 [egg-static] starting static serve /public/ -> D:\practise\nodeServe\app\public
2021-12-14 18:03:27,532 INFO 13860 [egg-security] use methodnoallow middleware
2021-12-14 18:03:27,532 INFO 13860 [egg-security] use noopen middleware
2021-12-14 18:03:27,533 INFO 13860 [egg-security] use nosniff middleware
2021-12-14 18:03:27,534 INFO 13860 [egg-security] use xssProtection middleware
2021-12-14 18:03:27,534 INFO 13860 [egg-security] use xframe middleware
2021-12-14 18:03:27,534 INFO 13860 [egg-security] use dta middleware
2021-12-14 18:03:27,534 INFO 13860 [egg-security] compose 6 middlewares into one security middleware
2021-12-14 18:03:27,555 INFO 13860 [egg:core] dump config after load, 3ms
2021-12-14 18:03:27,562 INFO 13860 [egg-watcher:application] watcher start success
2021-12-14 18:03:27,568 INFO 13860 [egg:core] dump config after ready, 4ms
2021-12-14 18:03:56,744 INFO 20044 [egg:logger] init all loggers with options: {"dir":"D:\\practise\\nodeServe\\logs\\nodeserve","encoding":"utf8","env":"local","level":"INFO","consoleLevel":"INFO","disableConsoleAfterReady":false,"outputJSON":false,"buffer":true,"appLogName":"nodeserve-web.log","coreLogName":"egg-web.log","agentLogName":"egg-agent.log","errorLogName":"common-error.log","coreLogger":{"consoleLevel":"WARN"},"allowDebugAtProd":false,"enablePerformanceTimer":false,"type":"application"}
2021-12-14 18:03:56,763 INFO 20044 [egg-multipart] stream mode enable
2021-12-14 18:03:56,868 INFO 20044 [egg-static] starting static serve /public/ -> D:\practise\nodeServe\app\public
2021-12-14 18:03:56,869 INFO 20044 [egg-security] use methodnoallow middleware
2021-12-14 18:03:56,870 INFO 20044 [egg-security] use noopen middleware
2021-12-14 18:03:56,871 INFO 20044 [egg-security] use nosniff middleware
2021-12-14 18:03:56,871 INFO 20044 [egg-security] use xssProtection middleware
2021-12-14 18:03:56,871 INFO 20044 [egg-security] use xframe middleware
2021-12-14 18:03:56,871 INFO 20044 [egg-security] use dta middleware
2021-12-14 18:03:56,872 INFO 20044 [egg-security] compose 6 middlewares into one security middleware
2021-12-14 18:03:56,893 INFO 20044 [egg:core] dump config after load, 3ms
2021-12-14 18:03:56,901 INFO 20044 [egg-watcher:application] watcher start success
2021-12-14 18:03:56,906 INFO 20044 [egg:core] dump config after ready, 4ms
2021-12-14 18:04:11,108 INFO 25604 [egg:logger] init all loggers with options: {"dir":"D:\\practise\\nodeServe\\logs\\nodeserve","encoding":"utf8","env":"local","level":"INFO","consoleLevel":"INFO","disableConsoleAfterReady":false,"outputJSON":false,"buffer":true,"appLogName":"nodeserve-web.log","coreLogName":"egg-web.log","agentLogName":"egg-agent.log","errorLogName":"common-error.log","coreLogger":{"consoleLevel":"WARN"},"allowDebugAtProd":false,"enablePerformanceTimer":false,"type":"application"}
2021-12-14 18:04:11,128 INFO 25604 [egg-multipart] stream mode enable
2021-12-14 18:04:11,229 INFO 25604 [egg-static] starting static serve /public/ -> D:\practise\nodeServe\app\public
2021-12-14 18:04:11,231 INFO 25604 [egg-security] use methodnoallow middleware
2021-12-14 18:04:11,231 INFO 25604 [egg-security] use noopen middleware
2021-12-14 18:04:11,232 INFO 25604 [egg-security] use nosniff middleware
2021-12-14 18:04:11,233 INFO 25604 [egg-security] use xssProtection middleware
2021-12-14 18:04:11,233 INFO 25604 [egg-security] use xframe middleware
2021-12-14 18:04:11,233 INFO 25604 [egg-security] use dta middleware
2021-12-14 18:04:11,233 INFO 25604 [egg-security] compose 6 middlewares into one security middleware
2021-12-14 18:04:11,254 INFO 25604 [egg:core] dump config after load, 3ms
2021-12-14 18:04:11,260 INFO 25604 [egg-watcher:application] watcher start success
2021-12-14 18:04:11,265 INFO 25604 [egg:core] dump config after ready, 4ms
2021-12-14 18:04:18,782 INFO 11756 [egg:logger] init all loggers with options: {"dir":"D:\\practise\\nodeServe\\logs\\nodeserve","encoding":"utf8","env":"local","level":"INFO","consoleLevel":"INFO","disableConsoleAfterReady":false,"outputJSON":false,"buffer":true,"appLogName":"nodeserve-web.log","coreLogName":"egg-web.log","agentLogName":"egg-agent.log","errorLogName":"common-error.log","coreLogger":{"consoleLevel":"WARN"},"allowDebugAtProd":false,"enablePerformanceTimer":false,"type":"application"}
2021-12-14 18:04:18,803 INFO 11756 [egg-multipart] stream mode enable
2021-12-14 18:04:18,904 INFO 11756 [egg-static] starting static serve /public/ -> D:\practise\nodeServe\app\public
2021-12-14 18:04:18,906 INFO 11756 [egg-security] use methodnoallow middleware
2021-12-14 18:04:18,906 INFO 11756 [egg-security] use noopen middleware
2021-12-14 18:04:18,908 INFO 11756 [egg-security] use nosniff middleware
2021-12-14 18:04:18,908 INFO 11756 [egg-security] use xssProtection middleware
2021-12-14 18:04:18,909 INFO 11756 [egg-security] use xframe middleware
2021-12-14 18:04:18,909 INFO 11756 [egg-security] use dta middleware
2021-12-14 18:04:18,909 INFO 11756 [egg-security] compose 6 middlewares into one security middleware
2021-12-14 18:04:18,933 INFO 11756 [egg:core] dump config after load, 3ms
2021-12-14 18:04:18,939 INFO 11756 [egg-watcher:application] watcher start success
2021-12-14 18:04:18,944 INFO 11756 [egg:core] dump config after ready, 4ms
2021-12-14 18:04:37,201 INFO 26232 [egg:logger] init all loggers with options: {"dir":"D:\\practise\\nodeServe\\logs\\nodeserve","encoding":"utf8","env":"local","level":"INFO","consoleLevel":"INFO","disableConsoleAfterReady":false,"outputJSON":false,"buffer":true,"appLogName":"nodeserve-web.log","coreLogName":"egg-web.log","agentLogName":"egg-agent.log","errorLogName":"common-error.log","coreLogger":{"consoleLevel":"WARN"},"allowDebugAtProd":false,"enablePerformanceTimer":false,"type":"application"}
2021-12-14 18:04:37,220 INFO 26232 [egg-multipart] stream mode enable
2021-12-14 18:04:37,322 INFO 26232 [egg-static] starting static serve /public/ -> D:\practise\nodeServe\app\public
2021-12-14 18:04:37,323 INFO 26232 [egg-security] use methodnoallow middleware
2021-12-14 18:04:37,324 INFO 26232 [egg-security] use noopen middleware
2021-12-14 18:04:37,325 INFO 26232 [egg-security] use nosniff middleware
2021-12-14 18:04:37,325 INFO 26232 [egg-security] use xssProtection middleware
2021-12-14 18:04:37,326 INFO 26232 [egg-security] use xframe middleware
2021-12-14 18:04:37,326 INFO 26232 [egg-security] use dta middleware
2021-12-14 18:04:37,326 INFO 26232 [egg-security] compose 6 middlewares into one security middleware
2021-12-14 18:04:37,348 INFO 26232 [egg:core] dump config after load, 3ms
2021-12-14 18:04:37,355 INFO 26232 [egg-watcher:application] watcher start success
2021-12-14 18:04:37,360 INFO 26232 [egg:core] dump config after ready, 4ms
2021-12-14 18:04:38,263 INFO 26296 [egg:logger] init all loggers with options: {"dir":"D:\\practise\\nodeServe\\logs\\nodeserve","encoding":"utf8","env":"local","level":"INFO","consoleLevel":"INFO","disableConsoleAfterReady":false,"outputJSON":false,"buffer":true,"appLogName":"nodeserve-web.log","coreLogName":"egg-web.log","agentLogName":"egg-agent.log","errorLogName":"common-error.log","coreLogger":{"consoleLevel":"WARN"},"allowDebugAtProd":false,"enablePerformanceTimer":false,"type":"application"}
2021-12-14 18:04:38,284 INFO 26296 [egg-multipart] stream mode enable
2021-12-14 18:04:38,388 INFO 26296 [egg-static] starting static serve /public/ -> D:\practise\nodeServe\app\public
2021-12-14 18:04:38,389 INFO 26296 [egg-security] use methodnoallow middleware
2021-12-14 18:04:38,390 INFO 26296 [egg-security] use noopen middleware
2021-12-14 18:04:38,391 INFO 26296 [egg-security] use nosniff middleware
2021-12-14 18:04:38,391 INFO 26296 [egg-security] use xssProtection middleware
2021-12-14 18:04:38,392 INFO 26296 [egg-security] use xframe middleware
2021-12-14 18:04:38,392 INFO 26296 [egg-security] use dta middleware
2021-12-14 18:04:38,392 INFO 26296 [egg-security] compose 6 middlewares into one security middleware
2021-12-14 18:04:38,415 INFO 26296 [egg:core] dump config after load, 2ms
2021-12-14 18:04:38,421 INFO 26296 [egg-watcher:application] watcher start success
2021-12-14 18:04:38,426 INFO 26296 [egg:core] dump config after ready, 4ms
2021-12-14 18:04:39,211 INFO 3240 [egg:logger] init all loggers with options: {"dir":"D:\\practise\\nodeServe\\logs\\nodeserve","encoding":"utf8","env":"local","level":"INFO","consoleLevel":"INFO","disableConsoleAfterReady":false,"outputJSON":false,"buffer":true,"appLogName":"nodeserve-web.log","coreLogName":"egg-web.log","agentLogName":"egg-agent.log","errorLogName":"common-error.log","coreLogger":{"consoleLevel":"WARN"},"allowDebugAtProd":false,"enablePerformanceTimer":false,"type":"application"}
2021-12-14 18:04:39,232 INFO 3240 [egg-multipart] stream mode enable
2021-12-14 18:04:39,335 INFO 3240 [egg-static] starting static serve /public/ -> D:\practise\nodeServe\app\public
2021-12-14 18:04:39,336 INFO 3240 [egg-security] use methodnoallow middleware
2021-12-14 18:04:39,336 INFO 3240 [egg-security] use noopen middleware
2021-12-14 18:04:39,337 INFO 3240 [egg-security] use nosniff middleware
2021-12-14 18:04:39,338 INFO 3240 [egg-security] use xssProtection middleware
2021-12-14 18:04:39,338 INFO 3240 [egg-security] use xframe middleware
2021-12-14 18:04:39,339 INFO 3240 [egg-security] use dta middleware
2021-12-14 18:04:39,339 INFO 3240 [egg-security] compose 6 middlewares into one security middleware
2021-12-14 18:04:39,363 INFO 3240 [egg:core] dump config after load, 4ms
2021-12-14 18:04:39,369 INFO 3240 [egg-watcher:application] watcher start success
2021-12-14 18:04:39,374 INFO 3240 [egg:core] dump config after ready, 3ms
2021-12-14 18:04:41,090 INFO 17060 [egg:logger] init all loggers with options: {"dir":"D:\\practise\\nodeServe\\logs\\nodeserve","encoding":"utf8","env":"local","level":"INFO","consoleLevel":"INFO","disableConsoleAfterReady":false,"outputJSON":false,"buffer":true,"appLogName":"nodeserve-web.log","coreLogName":"egg-web.log","agentLogName":"egg-agent.log","errorLogName":"common-error.log","coreLogger":{"consoleLevel":"WARN"},"allowDebugAtProd":false,"enablePerformanceTimer":false,"type":"application"}
2021-12-14 18:04:41,114 INFO 17060 [egg-multipart] stream mode enable
2021-12-14 18:04:41,218 INFO 17060 [egg-static] starting static serve /public/ -> D:\practise\nodeServe\app\public
2021-12-14 18:04:41,219 INFO 17060 [egg-security] use methodnoallow middleware
2021-12-14 18:04:41,220 INFO 17060 [egg-security] use noopen middleware
2021-12-14 18:04:41,221 INFO 17060 [egg-security] use nosniff middleware
2021-12-14 18:04:41,222 INFO 17060 [egg-security] use xssProtection middleware
2021-12-14 18:04:41,222 INFO 17060 [egg-security] use xframe middleware
2021-12-14 18:04:41,222 INFO 17060 [egg-security] use dta middleware
2021-12-14 18:04:41,222 INFO 17060 [egg-security] compose 6 middlewares into one security middleware
2021-12-14 18:04:41,246 INFO 17060 [egg:core] dump config after load, 3ms
2021-12-14 18:04:41,252 INFO 17060 [egg-watcher:application] watcher start success
2021-12-14 18:04:41,257 INFO 17060 [egg:core] dump config after ready, 3ms
2021-12-14 18:05:57,450 INFO 22620 [egg:logger] init all loggers with options: {"dir":"D:\\practise\\nodeServe\\logs\\nodeserve","encoding":"utf8","env":"local","level":"INFO","consoleLevel":"INFO","disableConsoleAfterReady":false,"outputJSON":false,"buffer":true,"appLogName":"nodeserve-web.log","coreLogName":"egg-web.log","agentLogName":"egg-agent.log","errorLogName":"common-error.log","coreLogger":{"consoleLevel":"WARN"},"allowDebugAtProd":false,"enablePerformanceTimer":false,"type":"application"}
2021-12-14 18:05:57,471 INFO 22620 [egg-multipart] stream mode enable
2021-12-14 18:05:57,577 INFO 22620 [egg-static] starting static serve /public/ -> D:\practise\nodeServe\app\public
2021-12-14 18:05:57,578 INFO 22620 [egg-security] use methodnoallow middleware
2021-12-14 18:05:57,579 INFO 22620 [egg-security] use noopen middleware
2021-12-14 18:05:57,580 INFO 22620 [egg-security] use nosniff middleware
2021-12-14 18:05:57,580 INFO 22620 [egg-security] use xssProtection middleware
2021-12-14 18:05:57,580 INFO 22620 [egg-security] use xframe middleware
2021-12-14 18:05:57,581 INFO 22620 [egg-security] use dta middleware
2021-12-14 18:05:57,581 INFO 22620 [egg-security] compose 6 middlewares into one security middleware
2021-12-14 18:05:57,603 INFO 22620 [egg:core] dump config after load, 2ms
2021-12-14 18:05:57,609 INFO 22620 [egg-watcher:application] watcher start success
2021-12-14 18:05:57,614 INFO 22620 [egg:core] dump config after ready, 3ms
2021-12-14 18:06:37,661 INFO 26512 [egg:logger] init all loggers with options: {"dir":"D:\\practise\\nodeServe\\logs\\nodeserve","encoding":"utf8","env":"local","level":"INFO","consoleLevel":"INFO","disableConsoleAfterReady":false,"outputJSON":false,"buffer":true,"appLogName":"nodeserve-web.log","coreLogName":"egg-web.log","agentLogName":"egg-agent.log","errorLogName":"common-error.log","coreLogger":{"consoleLevel":"WARN"},"allowDebugAtProd":false,"enablePerformanceTimer":false,"type":"application"}
2021-12-14 18:06:37,680 INFO 26512 [egg-multipart] stream mode enable
2021-12-14 18:06:37,781 INFO 26512 [egg-static] starting static serve /public/ -> D:\practise\nodeServe\app\public
2021-12-14 18:06:37,782 INFO 26512 [egg-security] use methodnoallow middleware
2021-12-14 18:06:37,783 INFO 26512 [egg-security] use noopen middleware
2021-12-14 18:06:37,784 INFO 26512 [egg-security] use nosniff middleware
2021-12-14 18:06:37,784 INFO 26512 [egg-security] use xssProtection middleware
2021-12-14 18:06:37,784 INFO 26512 [egg-security] use xframe middleware
2021-12-14 18:06:37,785 INFO 26512 [egg-security] use dta middleware
2021-12-14 18:06:37,785 INFO 26512 [egg-security] compose 6 middlewares into one security middleware
2021-12-14 18:06:37,806 INFO 26512 [egg:core] dump config after load, 3ms
2021-12-14 18:06:37,813 INFO 26512 [egg-watcher:application] watcher start success
2021-12-14 18:06:37,818 INFO 26512 [egg:core] dump config after ready, 4ms
