2021-12-14 16:42:39,841 INFO 12332 [Timer] D:\practise\nodeServe\node_modules\egg-multipart\app\schedule\clean_tmpdir.js next time will execute after 42440161ms at 2021-12-15 04:30:00.002
2021-12-14 16:42:39,841 INFO 12332 [Timer] D:\practise\nodeServe\node_modules\egg-logrotator\app\schedule\clean_log.js next time will execute after 26240159ms at 2021-12-15 00:00:00.000
2021-12-14 16:42:39,841 INFO 12332 [Timer] D:\practise\nodeServe\node_modules\egg-logrotator\app\schedule\rotate_by_file.js next time will execute after 26241159ms at 2021-12-15 00:00:01.000
2021-12-14 16:42:39,689 INFO 8556 [egg-schedule]: register schedule D:\practise\nodeServe\node_modules\egg-multipart\app\schedule\clean_tmpdir.js
2021-12-14 16:42:39,689 INFO 8556 [egg-schedule]: register schedule D:\practise\nodeServe\node_modules\egg-logrotator\app\schedule\clean_log.js
2021-12-14 16:42:39,689 INFO 8556 [egg-schedule]: register schedule D:\practise\nodeServe\node_modules\egg-logrotator\app\schedule\rotate_by_file.js
2021-12-14 16:50:32,988 INFO 22320 [egg-schedule]: register schedule D:\practise\nodeServe\node_modules\egg-multipart\app\schedule\clean_tmpdir.js
2021-12-14 16:50:32,988 INFO 22320 [egg-schedule]: register schedule D:\practise\nodeServe\node_modules\egg-logrotator\app\schedule\clean_log.js
2021-12-14 16:50:32,988 INFO 22320 [egg-schedule]: register schedule D:\practise\nodeServe\node_modules\egg-logrotator\app\schedule\rotate_by_file.js
2021-12-14 17:04:30,664 INFO 22000 [egg-schedule]: register schedule D:\practise\nodeServe\node_modules\egg-multipart\app\schedule\clean_tmpdir.js
2021-12-14 17:04:30,664 INFO 22000 [egg-schedule]: register schedule D:\practise\nodeServe\node_modules\egg-logrotator\app\schedule\clean_log.js
2021-12-14 17:04:30,664 INFO 22000 [egg-schedule]: register schedule D:\practise\nodeServe\node_modules\egg-logrotator\app\schedule\rotate_by_file.js
2021-12-14 17:04:51,327 INFO 14928 [egg-schedule]: register schedule D:\practise\nodeServe\node_modules\egg-multipart\app\schedule\clean_tmpdir.js
2021-12-14 17:04:51,328 INFO 14928 [egg-schedule]: register schedule D:\practise\nodeServe\node_modules\egg-logrotator\app\schedule\clean_log.js
2021-12-14 17:04:51,328 INFO 14928 [egg-schedule]: register schedule D:\practise\nodeServe\node_modules\egg-logrotator\app\schedule\rotate_by_file.js
2021-12-14 17:05:12,471 INFO 11844 [egg-schedule]: register schedule D:\practise\nodeServe\node_modules\egg-multipart\app\schedule\clean_tmpdir.js
2021-12-14 17:05:12,471 INFO 11844 [egg-schedule]: register schedule D:\practise\nodeServe\node_modules\egg-logrotator\app\schedule\clean_log.js
2021-12-14 17:05:12,471 INFO 11844 [egg-schedule]: register schedule D:\practise\nodeServe\node_modules\egg-logrotator\app\schedule\rotate_by_file.js
2021-12-14 17:05:27,167 INFO 14656 [egg-schedule]: register schedule D:\practise\nodeServe\node_modules\egg-multipart\app\schedule\clean_tmpdir.js
2021-12-14 17:05:27,167 INFO 14656 [egg-schedule]: register schedule D:\practise\nodeServe\node_modules\egg-logrotator\app\schedule\clean_log.js
2021-12-14 17:05:27,167 INFO 14656 [egg-schedule]: register schedule D:\practise\nodeServe\node_modules\egg-logrotator\app\schedule\rotate_by_file.js
2021-12-14 17:05:28,288 INFO 3360 [egg-schedule]: register schedule D:\practise\nodeServe\node_modules\egg-multipart\app\schedule\clean_tmpdir.js
2021-12-14 17:05:28,288 INFO 3360 [egg-schedule]: register schedule D:\practise\nodeServe\node_modules\egg-logrotator\app\schedule\clean_log.js
2021-12-14 17:05:28,288 INFO 3360 [egg-schedule]: register schedule D:\practise\nodeServe\node_modules\egg-logrotator\app\schedule\rotate_by_file.js
2021-12-14 17:06:11,633 INFO 7024 [egg-schedule]: register schedule D:\practise\nodeServe\node_modules\egg-multipart\app\schedule\clean_tmpdir.js
2021-12-14 17:06:11,633 INFO 7024 [egg-schedule]: register schedule D:\practise\nodeServe\node_modules\egg-logrotator\app\schedule\clean_log.js
2021-12-14 17:06:11,633 INFO 7024 [egg-schedule]: register schedule D:\practise\nodeServe\node_modules\egg-logrotator\app\schedule\rotate_by_file.js
2021-12-14 17:07:15,126 INFO 25564 [egg-schedule]: register schedule D:\practise\nodeServe\node_modules\egg-multipart\app\schedule\clean_tmpdir.js
2021-12-14 17:07:15,126 INFO 25564 [egg-schedule]: register schedule D:\practise\nodeServe\node_modules\egg-logrotator\app\schedule\clean_log.js
2021-12-14 17:07:15,126 INFO 25564 [egg-schedule]: register schedule D:\practise\nodeServe\node_modules\egg-logrotator\app\schedule\rotate_by_file.js
2021-12-14 17:10:45,473 INFO 22072 [egg-schedule]: register schedule D:\practise\nodeServe\node_modules\egg-multipart\app\schedule\clean_tmpdir.js
2021-12-14 17:10:45,473 INFO 22072 [egg-schedule]: register schedule D:\practise\nodeServe\node_modules\egg-logrotator\app\schedule\clean_log.js
2021-12-14 17:10:45,473 INFO 22072 [egg-schedule]: register schedule D:\practise\nodeServe\node_modules\egg-logrotator\app\schedule\rotate_by_file.js
2021-12-14 17:33:42,911 INFO 5812 [egg-schedule]: register schedule D:\practise\nodeServe\node_modules\egg-multipart\app\schedule\clean_tmpdir.js
2021-12-14 17:33:42,911 INFO 5812 [egg-schedule]: register schedule D:\practise\nodeServe\node_modules\egg-logrotator\app\schedule\clean_log.js
2021-12-14 17:33:42,911 INFO 5812 [egg-schedule]: register schedule D:\practise\nodeServe\node_modules\egg-logrotator\app\schedule\rotate_by_file.js
2021-12-14 17:33:43,968 INFO 18472 [egg-schedule]: register schedule D:\practise\nodeServe\node_modules\egg-multipart\app\schedule\clean_tmpdir.js
2021-12-14 17:33:43,968 INFO 18472 [egg-schedule]: register schedule D:\practise\nodeServe\node_modules\egg-logrotator\app\schedule\clean_log.js
2021-12-14 17:33:43,968 INFO 18472 [egg-schedule]: register schedule D:\practise\nodeServe\node_modules\egg-logrotator\app\schedule\rotate_by_file.js
2021-12-14 17:34:09,828 INFO 24088 [egg-schedule]: register schedule D:\practise\nodeServe\node_modules\egg-multipart\app\schedule\clean_tmpdir.js
2021-12-14 17:34:09,828 INFO 24088 [egg-schedule]: register schedule D:\practise\nodeServe\node_modules\egg-logrotator\app\schedule\clean_log.js
2021-12-14 17:34:09,828 INFO 24088 [egg-schedule]: register schedule D:\practise\nodeServe\node_modules\egg-logrotator\app\schedule\rotate_by_file.js
2021-12-14 17:35:05,689 INFO 17256 [egg-schedule]: register schedule D:\practise\nodeServe\node_modules\egg-multipart\app\schedule\clean_tmpdir.js
2021-12-14 17:35:05,689 INFO 17256 [egg-schedule]: register schedule D:\practise\nodeServe\node_modules\egg-logrotator\app\schedule\clean_log.js
2021-12-14 17:35:05,689 INFO 17256 [egg-schedule]: register schedule D:\practise\nodeServe\node_modules\egg-logrotator\app\schedule\rotate_by_file.js
2021-12-14 17:35:29,237 INFO 20956 [egg-schedule]: register schedule D:\practise\nodeServe\node_modules\egg-multipart\app\schedule\clean_tmpdir.js
2021-12-14 17:35:29,237 INFO 20956 [egg-schedule]: register schedule D:\practise\nodeServe\node_modules\egg-logrotator\app\schedule\clean_log.js
2021-12-14 17:35:29,237 INFO 20956 [egg-schedule]: register schedule D:\practise\nodeServe\node_modules\egg-logrotator\app\schedule\rotate_by_file.js
2021-12-14 17:37:30,524 INFO 6528 [egg-schedule]: register schedule D:\practise\nodeServe\node_modules\egg-multipart\app\schedule\clean_tmpdir.js
2021-12-14 17:37:30,524 INFO 6528 [egg-schedule]: register schedule D:\practise\nodeServe\node_modules\egg-logrotator\app\schedule\clean_log.js
2021-12-14 17:37:30,524 INFO 6528 [egg-schedule]: register schedule D:\practise\nodeServe\node_modules\egg-logrotator\app\schedule\rotate_by_file.js
2021-12-14 17:37:54,533 INFO 16848 [egg-schedule]: register schedule D:\practise\nodeServe\node_modules\egg-multipart\app\schedule\clean_tmpdir.js
2021-12-14 17:37:54,533 INFO 16848 [egg-schedule]: register schedule D:\practise\nodeServe\node_modules\egg-logrotator\app\schedule\clean_log.js
2021-12-14 17:37:54,533 INFO 16848 [egg-schedule]: register schedule D:\practise\nodeServe\node_modules\egg-logrotator\app\schedule\rotate_by_file.js
2021-12-14 17:39:01,513 INFO 13592 [egg-schedule]: register schedule D:\practise\nodeServe\node_modules\egg-multipart\app\schedule\clean_tmpdir.js
2021-12-14 17:39:01,513 INFO 13592 [egg-schedule]: register schedule D:\practise\nodeServe\node_modules\egg-logrotator\app\schedule\clean_log.js
2021-12-14 17:39:01,513 INFO 13592 [egg-schedule]: register schedule D:\practise\nodeServe\node_modules\egg-logrotator\app\schedule\rotate_by_file.js
2021-12-14 17:39:10,975 INFO 15280 [egg-schedule]: register schedule D:\practise\nodeServe\node_modules\egg-multipart\app\schedule\clean_tmpdir.js
2021-12-14 17:39:10,975 INFO 15280 [egg-schedule]: register schedule D:\practise\nodeServe\node_modules\egg-logrotator\app\schedule\clean_log.js
2021-12-14 17:39:10,975 INFO 15280 [egg-schedule]: register schedule D:\practise\nodeServe\node_modules\egg-logrotator\app\schedule\rotate_by_file.js
2021-12-14 17:39:19,523 INFO 18252 [egg-schedule]: register schedule D:\practise\nodeServe\node_modules\egg-multipart\app\schedule\clean_tmpdir.js
2021-12-14 17:39:19,523 INFO 18252 [egg-schedule]: register schedule D:\practise\nodeServe\node_modules\egg-logrotator\app\schedule\clean_log.js
2021-12-14 17:39:19,523 INFO 18252 [egg-schedule]: register schedule D:\practise\nodeServe\node_modules\egg-logrotator\app\schedule\rotate_by_file.js
2021-12-14 17:39:30,732 INFO 5968 [egg-schedule]: register schedule D:\practise\nodeServe\node_modules\egg-multipart\app\schedule\clean_tmpdir.js
2021-12-14 17:39:30,732 INFO 5968 [egg-schedule]: register schedule D:\practise\nodeServe\node_modules\egg-logrotator\app\schedule\clean_log.js
2021-12-14 17:39:30,732 INFO 5968 [egg-schedule]: register schedule D:\practise\nodeServe\node_modules\egg-logrotator\app\schedule\rotate_by_file.js
2021-12-14 17:39:46,135 INFO 7252 [egg-schedule]: register schedule D:\practise\nodeServe\node_modules\egg-multipart\app\schedule\clean_tmpdir.js
2021-12-14 17:39:46,135 INFO 7252 [egg-schedule]: register schedule D:\practise\nodeServe\node_modules\egg-logrotator\app\schedule\clean_log.js
2021-12-14 17:39:46,136 INFO 7252 [egg-schedule]: register schedule D:\practise\nodeServe\node_modules\egg-logrotator\app\schedule\rotate_by_file.js
2021-12-14 17:39:56,239 INFO 5100 [egg-schedule]: register schedule D:\practise\nodeServe\node_modules\egg-multipart\app\schedule\clean_tmpdir.js
2021-12-14 17:39:56,239 INFO 5100 [egg-schedule]: register schedule D:\practise\nodeServe\node_modules\egg-logrotator\app\schedule\clean_log.js
2021-12-14 17:39:56,239 INFO 5100 [egg-schedule]: register schedule D:\practise\nodeServe\node_modules\egg-logrotator\app\schedule\rotate_by_file.js
2021-12-14 17:40:05,739 INFO 4124 [egg-schedule]: register schedule D:\practise\nodeServe\node_modules\egg-multipart\app\schedule\clean_tmpdir.js
2021-12-14 17:40:05,739 INFO 4124 [egg-schedule]: register schedule D:\practise\nodeServe\node_modules\egg-logrotator\app\schedule\clean_log.js
2021-12-14 17:40:05,739 INFO 4124 [egg-schedule]: register schedule D:\practise\nodeServe\node_modules\egg-logrotator\app\schedule\rotate_by_file.js
2021-12-14 17:40:18,290 INFO 18292 [egg-schedule]: register schedule D:\practise\nodeServe\node_modules\egg-multipart\app\schedule\clean_tmpdir.js
2021-12-14 17:40:18,290 INFO 18292 [egg-schedule]: register schedule D:\practise\nodeServe\node_modules\egg-logrotator\app\schedule\clean_log.js
2021-12-14 17:40:18,290 INFO 18292 [egg-schedule]: register schedule D:\practise\nodeServe\node_modules\egg-logrotator\app\schedule\rotate_by_file.js
2021-12-14 17:40:27,678 INFO 23396 [Timer] D:\practise\nodeServe\node_modules\egg-multipart\app\schedule\clean_tmpdir.js next time will execute after 38972323ms at 2021-12-15 04:30:00.001
2021-12-14 17:40:27,678 INFO 23396 [Timer] D:\practise\nodeServe\node_modules\egg-logrotator\app\schedule\clean_log.js next time will execute after 22772322ms at 2021-12-15 00:00:00.000
2021-12-14 17:40:27,679 INFO 23396 [Timer] D:\practise\nodeServe\node_modules\egg-logrotator\app\schedule\rotate_by_file.js next time will execute after 22773322ms at 2021-12-15 00:00:01.001
2021-12-14 17:40:27,522 INFO 8628 [egg-schedule]: register schedule D:\practise\nodeServe\node_modules\egg-multipart\app\schedule\clean_tmpdir.js
2021-12-14 17:40:27,522 INFO 8628 [egg-schedule]: register schedule D:\practise\nodeServe\node_modules\egg-logrotator\app\schedule\clean_log.js
2021-12-14 17:40:27,522 INFO 8628 [egg-schedule]: register schedule D:\practise\nodeServe\node_modules\egg-logrotator\app\schedule\rotate_by_file.js
2021-12-14 17:40:52,999 INFO 5940 [egg-schedule]: register schedule D:\practise\nodeServe\node_modules\egg-multipart\app\schedule\clean_tmpdir.js
2021-12-14 17:40:52,999 INFO 5940 [egg-schedule]: register schedule D:\practise\nodeServe\node_modules\egg-logrotator\app\schedule\clean_log.js
2021-12-14 17:40:52,999 INFO 5940 [egg-schedule]: register schedule D:\practise\nodeServe\node_modules\egg-logrotator\app\schedule\rotate_by_file.js
2021-12-14 17:41:36,427 INFO 4800 [egg-schedule]: register schedule D:\practise\nodeServe\node_modules\egg-multipart\app\schedule\clean_tmpdir.js
2021-12-14 17:41:36,427 INFO 4800 [egg-schedule]: register schedule D:\practise\nodeServe\node_modules\egg-logrotator\app\schedule\clean_log.js
2021-12-14 17:41:36,427 INFO 4800 [egg-schedule]: register schedule D:\practise\nodeServe\node_modules\egg-logrotator\app\schedule\rotate_by_file.js
2021-12-14 17:41:58,574 INFO 25484 [egg-schedule]: register schedule D:\practise\nodeServe\node_modules\egg-multipart\app\schedule\clean_tmpdir.js
2021-12-14 17:41:58,575 INFO 25484 [egg-schedule]: register schedule D:\practise\nodeServe\node_modules\egg-logrotator\app\schedule\clean_log.js
2021-12-14 17:41:58,575 INFO 25484 [egg-schedule]: register schedule D:\practise\nodeServe\node_modules\egg-logrotator\app\schedule\rotate_by_file.js
2021-12-14 17:43:21,436 INFO 16932 [egg-schedule]: register schedule D:\practise\nodeServe\node_modules\egg-multipart\app\schedule\clean_tmpdir.js
2021-12-14 17:43:21,437 INFO 16932 [egg-schedule]: register schedule D:\practise\nodeServe\node_modules\egg-logrotator\app\schedule\clean_log.js
2021-12-14 17:43:21,437 INFO 16932 [egg-schedule]: register schedule D:\practise\nodeServe\node_modules\egg-logrotator\app\schedule\rotate_by_file.js
2021-12-14 17:43:29,775 INFO 7952 [egg-schedule]: register schedule D:\practise\nodeServe\node_modules\egg-multipart\app\schedule\clean_tmpdir.js
2021-12-14 17:43:29,775 INFO 7952 [egg-schedule]: register schedule D:\practise\nodeServe\node_modules\egg-logrotator\app\schedule\clean_log.js
2021-12-14 17:43:29,775 INFO 7952 [egg-schedule]: register schedule D:\practise\nodeServe\node_modules\egg-logrotator\app\schedule\rotate_by_file.js
2021-12-14 17:45:13,170 INFO 15888 [egg-schedule]: register schedule D:\practise\nodeServe\node_modules\egg-multipart\app\schedule\clean_tmpdir.js
2021-12-14 17:45:13,170 INFO 15888 [egg-schedule]: register schedule D:\practise\nodeServe\node_modules\egg-logrotator\app\schedule\clean_log.js
2021-12-14 17:45:13,170 INFO 15888 [egg-schedule]: register schedule D:\practise\nodeServe\node_modules\egg-logrotator\app\schedule\rotate_by_file.js
2021-12-14 17:45:19,403 INFO 18840 [egg-schedule]: register schedule D:\practise\nodeServe\node_modules\egg-multipart\app\schedule\clean_tmpdir.js
2021-12-14 17:45:19,404 INFO 18840 [egg-schedule]: register schedule D:\practise\nodeServe\node_modules\egg-logrotator\app\schedule\clean_log.js
2021-12-14 17:45:19,404 INFO 18840 [egg-schedule]: register schedule D:\practise\nodeServe\node_modules\egg-logrotator\app\schedule\rotate_by_file.js
2021-12-14 17:45:19,557 INFO 5976 [Timer] D:\practise\nodeServe\node_modules\egg-multipart\app\schedule\clean_tmpdir.js next time will execute after 38680444ms at 2021-12-15 04:30:00.001
2021-12-14 17:45:19,558 INFO 5976 [Timer] D:\practise\nodeServe\node_modules\egg-logrotator\app\schedule\clean_log.js next time will execute after 22480443ms at 2021-12-15 00:00:00.001
2021-12-14 17:45:19,558 INFO 5976 [Timer] D:\practise\nodeServe\node_modules\egg-logrotator\app\schedule\rotate_by_file.js next time will execute after 22481442ms at 2021-12-15 00:00:01.000
2021-12-14 17:51:08,793 INFO 21080 [egg-schedule]: register schedule D:\practise\nodeServe\node_modules\egg-multipart\app\schedule\clean_tmpdir.js
2021-12-14 17:51:08,793 INFO 21080 [egg-schedule]: register schedule D:\practise\nodeServe\node_modules\egg-logrotator\app\schedule\clean_log.js
2021-12-14 17:51:08,793 INFO 21080 [egg-schedule]: register schedule D:\practise\nodeServe\node_modules\egg-logrotator\app\schedule\rotate_by_file.js
2021-12-14 17:51:26,705 INFO 13912 [egg-schedule]: register schedule D:\practise\nodeServe\node_modules\egg-multipart\app\schedule\clean_tmpdir.js
2021-12-14 17:51:26,705 INFO 13912 [egg-schedule]: register schedule D:\practise\nodeServe\node_modules\egg-logrotator\app\schedule\clean_log.js
2021-12-14 17:51:26,705 INFO 13912 [egg-schedule]: register schedule D:\practise\nodeServe\node_modules\egg-logrotator\app\schedule\rotate_by_file.js
2021-12-14 17:52:25,938 INFO 4180 [egg-schedule]: register schedule D:\practise\nodeServe\node_modules\egg-multipart\app\schedule\clean_tmpdir.js
2021-12-14 17:52:25,938 INFO 4180 [egg-schedule]: register schedule D:\practise\nodeServe\node_modules\egg-logrotator\app\schedule\clean_log.js
2021-12-14 17:52:25,938 INFO 4180 [egg-schedule]: register schedule D:\practise\nodeServe\node_modules\egg-logrotator\app\schedule\rotate_by_file.js
2021-12-14 17:52:37,404 INFO 25736 [egg-schedule]: register schedule D:\practise\nodeServe\node_modules\egg-multipart\app\schedule\clean_tmpdir.js
2021-12-14 17:52:37,404 INFO 25736 [egg-schedule]: register schedule D:\practise\nodeServe\node_modules\egg-logrotator\app\schedule\clean_log.js
2021-12-14 17:52:37,404 INFO 25736 [egg-schedule]: register schedule D:\practise\nodeServe\node_modules\egg-logrotator\app\schedule\rotate_by_file.js
2021-12-14 17:54:16,337 INFO 23712 [egg-schedule]: register schedule D:\practise\nodeServe\node_modules\egg-multipart\app\schedule\clean_tmpdir.js
2021-12-14 17:54:16,337 INFO 23712 [egg-schedule]: register schedule D:\practise\nodeServe\node_modules\egg-logrotator\app\schedule\clean_log.js
2021-12-14 17:54:16,337 INFO 23712 [egg-schedule]: register schedule D:\practise\nodeServe\node_modules\egg-logrotator\app\schedule\rotate_by_file.js
2021-12-14 17:58:59,156 INFO 22072 [egg-schedule]: register schedule D:\practise\nodeServe\node_modules\egg-multipart\app\schedule\clean_tmpdir.js
2021-12-14 17:58:59,156 INFO 22072 [egg-schedule]: register schedule D:\practise\nodeServe\node_modules\egg-logrotator\app\schedule\clean_log.js
2021-12-14 17:58:59,156 INFO 22072 [egg-schedule]: register schedule D:\practise\nodeServe\node_modules\egg-logrotator\app\schedule\rotate_by_file.js
2021-12-14 17:59:28,886 INFO 9000 [egg-schedule]: register schedule D:\practise\nodeServe\node_modules\egg-multipart\app\schedule\clean_tmpdir.js
2021-12-14 17:59:28,886 INFO 9000 [egg-schedule]: register schedule D:\practise\nodeServe\node_modules\egg-logrotator\app\schedule\clean_log.js
2021-12-14 17:59:28,886 INFO 9000 [egg-schedule]: register schedule D:\practise\nodeServe\node_modules\egg-logrotator\app\schedule\rotate_by_file.js
2021-12-14 18:02:17,848 INFO 14844 [egg-schedule]: register schedule D:\practise\nodeServe\node_modules\egg-multipart\app\schedule\clean_tmpdir.js
2021-12-14 18:02:17,848 INFO 14844 [egg-schedule]: register schedule D:\practise\nodeServe\node_modules\egg-logrotator\app\schedule\clean_log.js
2021-12-14 18:02:17,848 INFO 14844 [egg-schedule]: register schedule D:\practise\nodeServe\node_modules\egg-logrotator\app\schedule\rotate_by_file.js
2021-12-14 18:02:26,179 INFO 23548 [egg-schedule]: register schedule D:\practise\nodeServe\node_modules\egg-multipart\app\schedule\clean_tmpdir.js
2021-12-14 18:02:26,179 INFO 23548 [egg-schedule]: register schedule D:\practise\nodeServe\node_modules\egg-logrotator\app\schedule\clean_log.js
2021-12-14 18:02:26,179 INFO 23548 [egg-schedule]: register schedule D:\practise\nodeServe\node_modules\egg-logrotator\app\schedule\rotate_by_file.js
2021-12-14 18:03:27,429 INFO 13860 [egg-schedule]: register schedule D:\practise\nodeServe\node_modules\egg-multipart\app\schedule\clean_tmpdir.js
2021-12-14 18:03:27,429 INFO 13860 [egg-schedule]: register schedule D:\practise\nodeServe\node_modules\egg-logrotator\app\schedule\clean_log.js
2021-12-14 18:03:27,429 INFO 13860 [egg-schedule]: register schedule D:\practise\nodeServe\node_modules\egg-logrotator\app\schedule\rotate_by_file.js
2021-12-14 18:03:56,763 INFO 20044 [egg-schedule]: register schedule D:\practise\nodeServe\node_modules\egg-multipart\app\schedule\clean_tmpdir.js
2021-12-14 18:03:56,763 INFO 20044 [egg-schedule]: register schedule D:\practise\nodeServe\node_modules\egg-logrotator\app\schedule\clean_log.js
2021-12-14 18:03:56,763 INFO 20044 [egg-schedule]: register schedule D:\practise\nodeServe\node_modules\egg-logrotator\app\schedule\rotate_by_file.js
2021-12-14 18:04:11,127 INFO 25604 [egg-schedule]: register schedule D:\practise\nodeServe\node_modules\egg-multipart\app\schedule\clean_tmpdir.js
2021-12-14 18:04:11,127 INFO 25604 [egg-schedule]: register schedule D:\practise\nodeServe\node_modules\egg-logrotator\app\schedule\clean_log.js
2021-12-14 18:04:11,127 INFO 25604 [egg-schedule]: register schedule D:\practise\nodeServe\node_modules\egg-logrotator\app\schedule\rotate_by_file.js
2021-12-14 18:04:18,802 INFO 11756 [egg-schedule]: register schedule D:\practise\nodeServe\node_modules\egg-multipart\app\schedule\clean_tmpdir.js
2021-12-14 18:04:18,802 INFO 11756 [egg-schedule]: register schedule D:\practise\nodeServe\node_modules\egg-logrotator\app\schedule\clean_log.js
2021-12-14 18:04:18,802 INFO 11756 [egg-schedule]: register schedule D:\practise\nodeServe\node_modules\egg-logrotator\app\schedule\rotate_by_file.js
2021-12-14 18:04:37,220 INFO 26232 [egg-schedule]: register schedule D:\practise\nodeServe\node_modules\egg-multipart\app\schedule\clean_tmpdir.js
2021-12-14 18:04:37,220 INFO 26232 [egg-schedule]: register schedule D:\practise\nodeServe\node_modules\egg-logrotator\app\schedule\clean_log.js
2021-12-14 18:04:37,220 INFO 26232 [egg-schedule]: register schedule D:\practise\nodeServe\node_modules\egg-logrotator\app\schedule\rotate_by_file.js
2021-12-14 18:04:38,283 INFO 26296 [egg-schedule]: register schedule D:\practise\nodeServe\node_modules\egg-multipart\app\schedule\clean_tmpdir.js
2021-12-14 18:04:38,283 INFO 26296 [egg-schedule]: register schedule D:\practise\nodeServe\node_modules\egg-logrotator\app\schedule\clean_log.js
2021-12-14 18:04:38,283 INFO 26296 [egg-schedule]: register schedule D:\practise\nodeServe\node_modules\egg-logrotator\app\schedule\rotate_by_file.js
2021-12-14 18:04:39,232 INFO 3240 [egg-schedule]: register schedule D:\practise\nodeServe\node_modules\egg-multipart\app\schedule\clean_tmpdir.js
2021-12-14 18:04:39,232 INFO 3240 [egg-schedule]: register schedule D:\practise\nodeServe\node_modules\egg-logrotator\app\schedule\clean_log.js
2021-12-14 18:04:39,232 INFO 3240 [egg-schedule]: register schedule D:\practise\nodeServe\node_modules\egg-logrotator\app\schedule\rotate_by_file.js
2021-12-14 18:04:41,113 INFO 17060 [egg-schedule]: register schedule D:\practise\nodeServe\node_modules\egg-multipart\app\schedule\clean_tmpdir.js
2021-12-14 18:04:41,113 INFO 17060 [egg-schedule]: register schedule D:\practise\nodeServe\node_modules\egg-logrotator\app\schedule\clean_log.js
2021-12-14 18:04:41,113 INFO 17060 [egg-schedule]: register schedule D:\practise\nodeServe\node_modules\egg-logrotator\app\schedule\rotate_by_file.js
2021-12-14 18:05:57,470 INFO 22620 [egg-schedule]: register schedule D:\practise\nodeServe\node_modules\egg-multipart\app\schedule\clean_tmpdir.js
2021-12-14 18:05:57,470 INFO 22620 [egg-schedule]: register schedule D:\practise\nodeServe\node_modules\egg-logrotator\app\schedule\clean_log.js
2021-12-14 18:05:57,470 INFO 22620 [egg-schedule]: register schedule D:\practise\nodeServe\node_modules\egg-logrotator\app\schedule\rotate_by_file.js
2021-12-14 18:06:37,680 INFO 26512 [egg-schedule]: register schedule D:\practise\nodeServe\node_modules\egg-multipart\app\schedule\clean_tmpdir.js
2021-12-14 18:06:37,680 INFO 26512 [egg-schedule]: register schedule D:\practise\nodeServe\node_modules\egg-logrotator\app\schedule\clean_log.js
2021-12-14 18:06:37,680 INFO 26512 [egg-schedule]: register schedule D:\practise\nodeServe\node_modules\egg-logrotator\app\schedule\rotate_by_file.js
