2021-12-14 17:32:35,588 WARN 22072 [-/127.0.0.1/-/7ms POST /users/register] invalid csrf token. See https://eggjs.org/zh-cn/core/security.html#安全威胁csrf的防范
2021-12-14 17:32:35,589 WARN 22072 [-/127.0.0.1/-/8ms POST /users/register] nodejs.ForbiddenError: invalid csrf token
    at Object.throw (D:\practise\nodeServe\node_modules\koa\lib\context.js:97:11)
    at Object.assertCsrf (D:\practise\nodeServe\node_modules\egg-security\app\extend\context.js:162:32)
    at csrf (D:\practise\nodeServe\node_modules\egg-security\lib\middlewares\csrf.js:33:9)
    at dispatch (D:\practise\nodeServe\node_modules\egg-security\node_modules\koa-compose\index.js:42:32)
    at D:\practise\nodeServe\node_modules\egg-security\node_modules\koa-compose\index.js:34:12
    at dispatch (D:\practise\nodeServe\node_modules\koa\node_modules\koa-compose\index.js:42:32)
    at session (D:\practise\nodeServe\node_modules\koa-session\index.js:41:13)
    at dispatch (D:\practise\nodeServe\node_modules\koa\node_modules\koa-compose\index.js:42:32)
    at overrideMethod (D:\practise\nodeServe\node_modules\koa-override\index.js:38:12)
    at dispatch (D:\practise\nodeServe\node_modules\koa\node_modules\koa-compose\index.js:42:32)
message: "invalid csrf token"
pid: 22072
hostname: LAPTOP-A35AGN98

2021-12-14 17:35:09,507 WARN 17256 [-/127.0.0.1/-/8ms POST /users/register] invalid csrf token. See https://eggjs.org/zh-cn/core/security.html#安全威胁csrf的防范
2021-12-14 17:35:09,508 WARN 17256 [-/127.0.0.1/-/9ms POST /users/register] nodejs.ForbiddenError: invalid csrf token
    at Object.throw (D:\practise\nodeServe\node_modules\koa\lib\context.js:97:11)
    at Object.assertCsrf (D:\practise\nodeServe\node_modules\egg-security\app\extend\context.js:162:32)
    at csrf (D:\practise\nodeServe\node_modules\egg-security\lib\middlewares\csrf.js:33:9)
    at dispatch (D:\practise\nodeServe\node_modules\egg-security\node_modules\koa-compose\index.js:42:32)
    at D:\practise\nodeServe\node_modules\egg-security\node_modules\koa-compose\index.js:34:12
    at dispatch (D:\practise\nodeServe\node_modules\koa\node_modules\koa-compose\index.js:42:32)
    at session (D:\practise\nodeServe\node_modules\koa-session\index.js:41:13)
    at dispatch (D:\practise\nodeServe\node_modules\koa\node_modules\koa-compose\index.js:42:32)
    at overrideMethod (D:\practise\nodeServe\node_modules\koa-override\index.js:38:12)
    at dispatch (D:\practise\nodeServe\node_modules\koa\node_modules\koa-compose\index.js:42:32)
message: "invalid csrf token"
pid: 17256
hostname: LAPTOP-A35AGN98

2021-12-14 17:35:34,196 WARN 20956 [-/127.0.0.1/-/10ms POST /users/register] invalid csrf token. See https://eggjs.org/zh-cn/core/security.html#安全威胁csrf的防范
2021-12-14 17:35:34,198 WARN 20956 [-/127.0.0.1/-/11ms POST /users/register] nodejs.ForbiddenError: invalid csrf token
    at Object.throw (D:\practise\nodeServe\node_modules\koa\lib\context.js:97:11)
    at Object.assertCsrf (D:\practise\nodeServe\node_modules\egg-security\app\extend\context.js:162:32)
    at csrf (D:\practise\nodeServe\node_modules\egg-security\lib\middlewares\csrf.js:33:9)
    at dispatch (D:\practise\nodeServe\node_modules\egg-security\node_modules\koa-compose\index.js:42:32)
    at D:\practise\nodeServe\node_modules\egg-security\node_modules\koa-compose\index.js:34:12
    at dispatch (D:\practise\nodeServe\node_modules\koa\node_modules\koa-compose\index.js:42:32)
    at session (D:\practise\nodeServe\node_modules\koa-session\index.js:41:13)
    at dispatch (D:\practise\nodeServe\node_modules\koa\node_modules\koa-compose\index.js:42:32)
    at overrideMethod (D:\practise\nodeServe\node_modules\koa-override\index.js:38:12)
    at dispatch (D:\practise\nodeServe\node_modules\koa\node_modules\koa-compose\index.js:42:32)
message: "invalid csrf token"
pid: 20956
hostname: LAPTOP-A35AGN98

